
main.elf:     file format elf32-or32

Sections:
Idx Name          Size      VMA       LMA       File off  Algn
  0 .vectors      00002000  00000000  00000000  00002000  2**0
                  CONTENTS, ALLOC, LOAD, READONLY, CODE
  1 .init         00000028  00002000  00002000  00004000  2**0
                  CONTENTS, ALLOC, LOAD, READONLY, CODE
  2 .text         00001fa4  00002028  00002028  00004028  2**2
                  CONTENTS, ALLOC, LOAD, READONLY, CODE
  3 .fini         0000001c  00003fcc  00003fcc  00005fcc  2**0
                  CONTENTS, ALLOC, LOAD, READONLY, CODE
  4 .rodata       00000006  00003fe8  00003fe8  00005fe8  2**2
                  CONTENTS, ALLOC, LOAD, READONLY, DATA
  5 .eh_frame     00000004  00003ff0  00003ff0  00005ff0  2**2
                  CONTENTS, ALLOC, LOAD, READONLY, DATA
  6 .ctors        00000008  00005ff4  00005ff4  00005ff4  2**2
                  CONTENTS, ALLOC, LOAD, DATA
  7 .dtors        00000008  00005ffc  00005ffc  00005ffc  2**2
                  CONTENTS, ALLOC, LOAD, DATA
  8 .jcr          00000004  00006004  00006004  00006004  2**2
                  CONTENTS, ALLOC, LOAD, DATA
  9 .data         000009b8  00006008  00006008  00006008  2**2
                  CONTENTS, ALLOC, LOAD, DATA
 10 .bss          00000058  000069c0  000069c0  000069c0  2**2
                  ALLOC
 11 .comment      00000051  00000000  00000000  000069c0  2**0
                  CONTENTS, READONLY
 12 .debug_aranges 000001a0  00000000  00000000  00006a11  2**0
                  CONTENTS, READONLY, DEBUGGING
 13 .debug_pubnames 00000309  00000000  00000000  00006bb1  2**0
                  CONTENTS, READONLY, DEBUGGING
 14 .debug_info   00006af2  00000000  00000000  00006eba  2**0
                  CONTENTS, READONLY, DEBUGGING
 15 .debug_abbrev 0000133c  00000000  00000000  0000d9ac  2**0
                  CONTENTS, READONLY, DEBUGGING
 16 .debug_line   0000228e  00000000  00000000  0000ece8  2**0
                  CONTENTS, READONLY, DEBUGGING
 17 .debug_frame  00000418  00000000  00000000  00010f78  2**2
                  CONTENTS, READONLY, DEBUGGING
 18 .debug_str    00000aeb  00000000  00000000  00011390  2**0
                  CONTENTS, READONLY, DEBUGGING
 19 .debug_loc    00001657  00000000  00000000  00011e7b  2**0
                  CONTENTS, READONLY, DEBUGGING
 20 .debug_pubtypes 0000098b  00000000  00000000  000134d2  2**0
                  CONTENTS, READONLY, DEBUGGING
 21 .debug_ranges 00000088  00000000  00000000  00013e5d  2**0
                  CONTENTS, READONLY, DEBUGGING

Disassembly of section .vectors:

00000000 <__reset-0x100>:
	...

00000100 <__reset>:
     100:	18 00 00 00 	l.movhi r0,0x0
     104:	18 20 00 00 	l.movhi r1,0x0
     108:	18 40 00 00 	l.movhi r2,0x0
     10c:	18 60 00 00 	l.movhi r3,0x0
     110:	18 80 00 00 	l.movhi r4,0x0
     114:	18 a0 00 00 	l.movhi r5,0x0
     118:	18 c0 00 00 	l.movhi r6,0x0
     11c:	18 e0 00 00 	l.movhi r7,0x0
     120:	19 00 00 00 	l.movhi r8,0x0
     124:	19 20 00 00 	l.movhi r9,0x0
     128:	19 40 00 00 	l.movhi r10,0x0
     12c:	19 60 00 00 	l.movhi r11,0x0
     130:	19 80 00 00 	l.movhi r12,0x0
     134:	19 a0 00 00 	l.movhi r13,0x0
     138:	19 c0 00 00 	l.movhi r14,0x0
     13c:	19 e0 00 00 	l.movhi r15,0x0
     140:	1a 00 00 00 	l.movhi r16,0x0
     144:	1a 20 00 00 	l.movhi r17,0x0
     148:	1a 40 00 00 	l.movhi r18,0x0
     14c:	1a 60 00 00 	l.movhi r19,0x0
     150:	1a 80 00 00 	l.movhi r20,0x0
     154:	1a a0 00 00 	l.movhi r21,0x0
     158:	1a c0 00 00 	l.movhi r22,0x0
     15c:	1a e0 00 00 	l.movhi r23,0x0
     160:	1b 00 00 00 	l.movhi r24,0x0
     164:	1b 20 00 00 	l.movhi r25,0x0
     168:	1b 40 00 00 	l.movhi r26,0x0
     16c:	1b 60 00 00 	l.movhi r27,0x0
     170:	1b 80 00 00 	l.movhi r28,0x0
     174:	1b a0 00 00 	l.movhi r29,0x0
     178:	1b c0 00 00 	l.movhi r30,0x0
     17c:	1b e0 00 00 	l.movhi r31,0x0
     180:	a8 20 00 01 	l.ori r1,r0,0x1
     184:	c0 00 08 11 	l.mtspr r0,r1,0x11
     188:	c1 40 00 00 	l.mtspr r0,r0,0x5000
     18c:	18 80 00 00 	l.movhi r4,0x0
     190:	a8 84 20 28 	l.ori r4,r4,0x2028
     194:	44 00 20 00 	l.jr r4
     198:	15 00 00 00 	l.nop 0x0
	...
     200:	9c 21 ff 80 	l.addi r1,r1,0xffffff80
     204:	d4 01 18 04 	l.sw 0x4(r1),r3
     208:	d4 01 20 08 	l.sw 0x8(r1),r4
     20c:	b4 60 00 10 	l.mfspr r3,r0,0x10
     210:	00 00 0b a0 	l.j 3090 <or1k_exception_handler>
     214:	b4 80 00 20 	l.mfspr r4,r0,0x20
	...
     300:	9c 21 ff 80 	l.addi r1,r1,0xffffff80
     304:	d4 01 18 04 	l.sw 0x4(r1),r3
     308:	d4 01 20 08 	l.sw 0x8(r1),r4
     30c:	b4 60 00 10 	l.mfspr r3,r0,0x10
     310:	00 00 0b 60 	l.j 3090 <or1k_exception_handler>
     314:	b4 80 00 20 	l.mfspr r4,r0,0x20
	...
     400:	9c 21 ff 80 	l.addi r1,r1,0xffffff80
     404:	d4 01 18 04 	l.sw 0x4(r1),r3
     408:	d4 01 20 08 	l.sw 0x8(r1),r4
     40c:	b4 60 00 10 	l.mfspr r3,r0,0x10
     410:	00 00 0b 20 	l.j 3090 <or1k_exception_handler>
     414:	b4 80 00 20 	l.mfspr r4,r0,0x20
	...
     500:	9c 21 ff 80 	l.addi r1,r1,0xffffff80
     504:	d4 01 18 04 	l.sw 0x4(r1),r3
     508:	d4 01 20 08 	l.sw 0x8(r1),r4
     50c:	b4 60 00 10 	l.mfspr r3,r0,0x10
     510:	00 00 0a e0 	l.j 3090 <or1k_exception_handler>
     514:	b4 80 00 20 	l.mfspr r4,r0,0x20
	...
     600:	9c 21 ff 80 	l.addi r1,r1,0xffffff80
     604:	d4 01 18 04 	l.sw 0x4(r1),r3
     608:	d4 01 20 08 	l.sw 0x8(r1),r4
     60c:	b4 60 00 10 	l.mfspr r3,r0,0x10
     610:	00 00 0a a0 	l.j 3090 <or1k_exception_handler>
     614:	b4 80 00 20 	l.mfspr r4,r0,0x20
	...
     700:	9c 21 ff 80 	l.addi r1,r1,0xffffff80
     704:	d4 01 18 04 	l.sw 0x4(r1),r3
     708:	d4 01 20 08 	l.sw 0x8(r1),r4
     70c:	b4 60 00 10 	l.mfspr r3,r0,0x10
     710:	00 00 0a 60 	l.j 3090 <or1k_exception_handler>
     714:	b4 80 00 20 	l.mfspr r4,r0,0x20
	...
     800:	9c 21 ff 80 	l.addi r1,r1,0xffffff80
     804:	d4 01 18 04 	l.sw 0x4(r1),r3
     808:	d4 01 20 08 	l.sw 0x8(r1),r4
     80c:	b4 60 00 10 	l.mfspr r3,r0,0x10
     810:	00 00 0a 20 	l.j 3090 <or1k_exception_handler>
     814:	b4 80 00 20 	l.mfspr r4,r0,0x20
	...
     900:	9c 21 ff 80 	l.addi r1,r1,0xffffff80
     904:	d4 01 18 04 	l.sw 0x4(r1),r3
     908:	d4 01 20 08 	l.sw 0x8(r1),r4
     90c:	b4 60 00 10 	l.mfspr r3,r0,0x10
     910:	00 00 09 e0 	l.j 3090 <or1k_exception_handler>
     914:	b4 80 00 20 	l.mfspr r4,r0,0x20
	...
     a00:	9c 21 ff 80 	l.addi r1,r1,0xffffff80
     a04:	d4 01 18 04 	l.sw 0x4(r1),r3
     a08:	d4 01 20 08 	l.sw 0x8(r1),r4
     a0c:	b4 60 00 10 	l.mfspr r3,r0,0x10
     a10:	00 00 09 a0 	l.j 3090 <or1k_exception_handler>
     a14:	b4 80 00 20 	l.mfspr r4,r0,0x20
	...
     b00:	9c 21 ff 80 	l.addi r1,r1,0xffffff80
     b04:	d4 01 18 04 	l.sw 0x4(r1),r3
     b08:	d4 01 20 08 	l.sw 0x8(r1),r4
     b0c:	b4 60 00 10 	l.mfspr r3,r0,0x10
     b10:	00 00 09 60 	l.j 3090 <or1k_exception_handler>
     b14:	b4 80 00 20 	l.mfspr r4,r0,0x20
	...
     c00:	9c 21 ff 80 	l.addi r1,r1,0xffffff80
     c04:	d4 01 18 04 	l.sw 0x4(r1),r3
     c08:	d4 01 20 08 	l.sw 0x8(r1),r4
     c0c:	b4 60 00 10 	l.mfspr r3,r0,0x10
     c10:	00 00 09 20 	l.j 3090 <or1k_exception_handler>
     c14:	b4 80 00 20 	l.mfspr r4,r0,0x20
	...
     d00:	9c 21 ff 80 	l.addi r1,r1,0xffffff80
     d04:	d4 01 18 04 	l.sw 0x4(r1),r3
     d08:	d4 01 20 08 	l.sw 0x8(r1),r4
     d0c:	b4 60 00 10 	l.mfspr r3,r0,0x10
     d10:	00 00 08 e0 	l.j 3090 <or1k_exception_handler>
     d14:	b4 80 00 20 	l.mfspr r4,r0,0x20
	...
     e00:	9c 21 ff 80 	l.addi r1,r1,0xffffff80
     e04:	d4 01 18 04 	l.sw 0x4(r1),r3
     e08:	d4 01 20 08 	l.sw 0x8(r1),r4
     e0c:	b4 60 00 10 	l.mfspr r3,r0,0x10
     e10:	00 00 08 a0 	l.j 3090 <or1k_exception_handler>
     e14:	b4 80 00 20 	l.mfspr r4,r0,0x20
	...
     f00:	9c 21 ff 80 	l.addi r1,r1,0xffffff80
     f04:	d4 01 18 04 	l.sw 0x4(r1),r3
     f08:	d4 01 20 08 	l.sw 0x8(r1),r4
     f0c:	b4 60 00 10 	l.mfspr r3,r0,0x10
     f10:	00 00 08 60 	l.j 3090 <or1k_exception_handler>
     f14:	b4 80 00 20 	l.mfspr r4,r0,0x20
	...
    1000:	9c 21 ff 80 	l.addi r1,r1,0xffffff80
    1004:	d4 01 18 04 	l.sw 0x4(r1),r3
    1008:	d4 01 20 08 	l.sw 0x8(r1),r4
    100c:	b4 60 00 10 	l.mfspr r3,r0,0x10
    1010:	00 00 08 20 	l.j 3090 <or1k_exception_handler>
    1014:	b4 80 00 20 	l.mfspr r4,r0,0x20
	...
    1100:	9c 21 ff 80 	l.addi r1,r1,0xffffff80
    1104:	d4 01 18 04 	l.sw 0x4(r1),r3
    1108:	d4 01 20 08 	l.sw 0x8(r1),r4
    110c:	b4 60 00 10 	l.mfspr r3,r0,0x10
    1110:	00 00 07 e0 	l.j 3090 <or1k_exception_handler>
    1114:	b4 80 00 20 	l.mfspr r4,r0,0x20
	...
    1200:	9c 21 ff 80 	l.addi r1,r1,0xffffff80
    1204:	d4 01 18 04 	l.sw 0x4(r1),r3
    1208:	d4 01 20 08 	l.sw 0x8(r1),r4
    120c:	b4 60 00 10 	l.mfspr r3,r0,0x10
    1210:	00 00 07 a0 	l.j 3090 <or1k_exception_handler>
    1214:	b4 80 00 20 	l.mfspr r4,r0,0x20
	...
    1300:	9c 21 ff 80 	l.addi r1,r1,0xffffff80
    1304:	d4 01 18 04 	l.sw 0x4(r1),r3
    1308:	d4 01 20 08 	l.sw 0x8(r1),r4
    130c:	b4 60 00 10 	l.mfspr r3,r0,0x10
    1310:	00 00 07 60 	l.j 3090 <or1k_exception_handler>
    1314:	b4 80 00 20 	l.mfspr r4,r0,0x20
	...
    1400:	9c 21 ff 80 	l.addi r1,r1,0xffffff80
    1404:	d4 01 18 04 	l.sw 0x4(r1),r3
    1408:	d4 01 20 08 	l.sw 0x8(r1),r4
    140c:	b4 60 00 10 	l.mfspr r3,r0,0x10
    1410:	00 00 07 20 	l.j 3090 <or1k_exception_handler>
    1414:	b4 80 00 20 	l.mfspr r4,r0,0x20
	...
    1500:	9c 21 ff 80 	l.addi r1,r1,0xffffff80
    1504:	d4 01 18 04 	l.sw 0x4(r1),r3
    1508:	d4 01 20 08 	l.sw 0x8(r1),r4
    150c:	b4 60 00 10 	l.mfspr r3,r0,0x10
    1510:	00 00 06 e0 	l.j 3090 <or1k_exception_handler>
    1514:	b4 80 00 20 	l.mfspr r4,r0,0x20
	...
    1600:	9c 21 ff 80 	l.addi r1,r1,0xffffff80
    1604:	d4 01 18 04 	l.sw 0x4(r1),r3
    1608:	d4 01 20 08 	l.sw 0x8(r1),r4
    160c:	b4 60 00 10 	l.mfspr r3,r0,0x10
    1610:	00 00 06 a0 	l.j 3090 <or1k_exception_handler>
    1614:	b4 80 00 20 	l.mfspr r4,r0,0x20
	...
    1700:	9c 21 ff 80 	l.addi r1,r1,0xffffff80
    1704:	d4 01 18 04 	l.sw 0x4(r1),r3
    1708:	d4 01 20 08 	l.sw 0x8(r1),r4
    170c:	b4 60 00 10 	l.mfspr r3,r0,0x10
    1710:	00 00 06 60 	l.j 3090 <or1k_exception_handler>
    1714:	b4 80 00 20 	l.mfspr r4,r0,0x20
	...
    1800:	9c 21 ff 80 	l.addi r1,r1,0xffffff80
    1804:	d4 01 18 04 	l.sw 0x4(r1),r3
    1808:	d4 01 20 08 	l.sw 0x8(r1),r4
    180c:	b4 60 00 10 	l.mfspr r3,r0,0x10
    1810:	00 00 06 20 	l.j 3090 <or1k_exception_handler>
    1814:	b4 80 00 20 	l.mfspr r4,r0,0x20
	...
    1900:	9c 21 ff 80 	l.addi r1,r1,0xffffff80
    1904:	d4 01 18 04 	l.sw 0x4(r1),r3
    1908:	d4 01 20 08 	l.sw 0x8(r1),r4
    190c:	b4 60 00 10 	l.mfspr r3,r0,0x10
    1910:	00 00 05 e0 	l.j 3090 <or1k_exception_handler>
    1914:	b4 80 00 20 	l.mfspr r4,r0,0x20
	...
    1a00:	9c 21 ff 80 	l.addi r1,r1,0xffffff80
    1a04:	d4 01 18 04 	l.sw 0x4(r1),r3
    1a08:	d4 01 20 08 	l.sw 0x8(r1),r4
    1a0c:	b4 60 00 10 	l.mfspr r3,r0,0x10
    1a10:	00 00 05 a0 	l.j 3090 <or1k_exception_handler>
    1a14:	b4 80 00 20 	l.mfspr r4,r0,0x20
	...
    1b00:	9c 21 ff 80 	l.addi r1,r1,0xffffff80
    1b04:	d4 01 18 04 	l.sw 0x4(r1),r3
    1b08:	d4 01 20 08 	l.sw 0x8(r1),r4
    1b0c:	b4 60 00 10 	l.mfspr r3,r0,0x10
    1b10:	00 00 05 60 	l.j 3090 <or1k_exception_handler>
    1b14:	b4 80 00 20 	l.mfspr r4,r0,0x20
	...
    1c00:	9c 21 ff 80 	l.addi r1,r1,0xffffff80
    1c04:	d4 01 18 04 	l.sw 0x4(r1),r3
    1c08:	d4 01 20 08 	l.sw 0x8(r1),r4
    1c0c:	b4 60 00 10 	l.mfspr r3,r0,0x10
    1c10:	00 00 05 20 	l.j 3090 <or1k_exception_handler>
    1c14:	b4 80 00 20 	l.mfspr r4,r0,0x20
	...
    1d00:	9c 21 ff 80 	l.addi r1,r1,0xffffff80
    1d04:	d4 01 18 04 	l.sw 0x4(r1),r3
    1d08:	d4 01 20 08 	l.sw 0x8(r1),r4
    1d0c:	b4 60 00 10 	l.mfspr r3,r0,0x10
    1d10:	00 00 04 e0 	l.j 3090 <or1k_exception_handler>
    1d14:	b4 80 00 20 	l.mfspr r4,r0,0x20
	...
    1e00:	9c 21 ff 80 	l.addi r1,r1,0xffffff80
    1e04:	d4 01 18 04 	l.sw 0x4(r1),r3
    1e08:	d4 01 20 08 	l.sw 0x8(r1),r4
    1e0c:	b4 60 00 10 	l.mfspr r3,r0,0x10
    1e10:	00 00 04 a0 	l.j 3090 <or1k_exception_handler>
    1e14:	b4 80 00 20 	l.mfspr r4,r0,0x20
	...
    1f00:	9c 21 ff 80 	l.addi r1,r1,0xffffff80
    1f04:	d4 01 18 04 	l.sw 0x4(r1),r3
    1f08:	d4 01 20 08 	l.sw 0x8(r1),r4
    1f0c:	b4 60 00 10 	l.mfspr r3,r0,0x10
    1f10:	00 00 04 60 	l.j 3090 <or1k_exception_handler>
    1f14:	b4 80 00 20 	l.mfspr r4,r0,0x20
	...
    1ffc:	15 00 00 00 	l.nop 0x0

Disassembly of section .init:

00002000 <__init-0x4>:
    2000:	15 00 00 00 	l.nop 0x0

00002004 <__init>:
    2004:	9c 21 ff fc 	l.addi r1,r1,0xfffffffc
    2008:	d4 01 48 00 	l.sw 0x0(r1),r9
    200c:	04 00 00 6c 	l.jal 21bc <frame_dummy>
    2010:	15 00 00 00 	l.nop 0x0
    2014:	04 00 07 d5 	l.jal 3f68 <__do_global_ctors_aux>
    2018:	15 00 00 00 	l.nop 0x0
    201c:	85 21 00 00 	l.lwz r9,0x0(r1)
    2020:	44 00 48 00 	l.jr r9
    2024:	9c 21 00 04 	l.addi r1,r1,0x4

Disassembly of section .text:

00002028 <_start>:
    2028:	18 20 00 00 	l.movhi r1,0x0
    202c:	a8 21 3e 54 	l.ori r1,r1,0x3e54
    2030:	84 21 00 00 	l.lwz r1,0x0(r1)
    2034:	18 40 00 00 	l.movhi r2,0x0
    2038:	a8 42 3e 58 	l.ori r2,r2,0x3e58
    203c:	84 42 00 00 	l.lwz r2,0x0(r2)
    2040:	e0 21 10 00 	l.add r1,r1,r2
    2044:	e0 41 08 04 	l.or r2,r1,r1
    2048:	18 60 00 00 	l.movhi r3,0x0
    204c:	a8 63 60 08 	l.ori r3,r3,0x6008
    2050:	d4 03 08 00 	l.sw 0x0(r3),r1
    2054:	04 00 03 60 	l.jal 2dd4 <or1k_cache_init>
    2058:	15 00 00 00 	l.nop 0x0
    205c:	18 60 00 00 	l.movhi r3,0x0
    2060:	a8 63 69 c0 	l.ori r3,r3,0x69c0
    2064:	18 80 00 00 	l.movhi r4,0x0
    2068:	a8 84 6a 18 	l.ori r4,r4,0x6a18
    206c:	d4 03 00 00 	l.sw 0x0(r3),r0
    2070:	e4 83 20 00 	l.sfltu r3,r4
    2074:	13 ff ff fe 	l.bf 206c <_start+0x44>
    2078:	9c 63 00 04 	l.addi r3,r3,0x4
    207c:	07 ff ff e2 	l.jal 2004 <__init>
    2080:	15 00 00 00 	l.nop 0x0
    2084:	18 60 00 00 	l.movhi r3,0x0
    2088:	04 00 00 b5 	l.jal 235c <atexit>
    208c:	a8 63 3f cc 	l.ori r3,r3,0x3fcc
    2090:	18 80 00 00 	l.movhi r4,0x0
    2094:	a8 84 3e 60 	l.ori r4,r4,0x3e60
    2098:	84 84 00 00 	l.lwz r4,0x0(r4)
    209c:	e4 24 00 00 	l.sfne r4,r0
    20a0:	0c 00 00 04 	l.bnf 20b0 <_start+0x88>
    20a4:	e0 60 00 04 	l.or r3,r0,r0
    20a8:	04 00 07 1a 	l.jal 3d10 <__uart_init>
    20ac:	15 00 00 00 	l.nop 0x0
    20b0:	e0 60 00 04 	l.or r3,r0,r0
    20b4:	e0 80 00 04 	l.or r4,r0,r0
    20b8:	04 00 00 93 	l.jal 2304 <main>
    20bc:	e0 a0 00 04 	l.or r5,r0,r0
    20c0:	04 00 00 b0 	l.jal 2380 <exit>
    20c4:	9c 6b 00 00 	l.addi r3,r11,0x0
    20c8:	00 00 00 00 	l.j 20c8 <_start+0xa0>
    20cc:	15 00 00 00 	l.nop 0x0

000020d0 <__do_global_dtors_aux>:
    20d0:	d7 e1 87 f8 	l.sw 0xfffffff8(r1),r16
    20d4:	1a 00 00 00 	l.movhi r16,0x0
    20d8:	d7 e1 17 f0 	l.sw 0xfffffff0(r1),r2
    20dc:	aa 10 69 c0 	l.ori r16,r16,0x69c0
    20e0:	d7 e1 4f fc 	l.sw 0xfffffffc(r1),r9
    20e4:	8c 50 00 00 	l.lbz r2,0x0(r16)
    20e8:	d7 e1 77 f4 	l.sw 0xfffffff4(r1),r14
    20ec:	bc 22 00 00 	l.sfnei r2,0x0
    20f0:	10 00 00 27 	l.bf 218c <__do_global_dtors_aux+0xbc>
    20f4:	9c 21 ff f0 	l.addi r1,r1,0xfffffff0
    20f8:	19 c0 00 00 	l.movhi r14,0x0
    20fc:	18 80 00 00 	l.movhi r4,0x0
    2100:	a9 ce 60 00 	l.ori r14,r14,0x6000
    2104:	a8 84 5f fc 	l.ori r4,r4,0x5ffc
    2108:	18 40 00 00 	l.movhi r2,0x0
    210c:	e1 ce 20 02 	l.sub r14,r14,r4
    2110:	a8 42 69 c4 	l.ori r2,r2,0x69c4
    2114:	b9 ce 00 82 	l.srai r14,r14,0x2
    2118:	84 62 00 00 	l.lwz r3,0x0(r2)
    211c:	9d ce ff ff 	l.addi r14,r14,0xffffffff
    2120:	e4 63 70 00 	l.sfgeu r3,r14
    2124:	10 00 00 10 	l.bf 2164 <__do_global_dtors_aux+0x94>
    2128:	15 00 00 00 	l.nop 0x0
    212c:	9c 63 00 01 	l.addi r3,r3,0x1
    2130:	18 a0 00 00 	l.movhi r5,0x0
    2134:	b8 83 00 02 	l.slli r4,r3,0x2
    2138:	a8 a5 5f fc 	l.ori r5,r5,0x5ffc
    213c:	d4 02 18 00 	l.sw 0x0(r2),r3
    2140:	e0 64 28 00 	l.add r3,r4,r5
    2144:	84 63 00 00 	l.lwz r3,0x0(r3)
    2148:	48 00 18 00 	l.jalr r3
    214c:	15 00 00 00 	l.nop 0x0
    2150:	84 62 00 00 	l.lwz r3,0x0(r2)
    2154:	e4 83 70 00 	l.sfltu r3,r14
    2158:	13 ff ff f6 	l.bf 2130 <__do_global_dtors_aux+0x60>
    215c:	9c 63 00 01 	l.addi r3,r3,0x1
    2160:	9c 63 ff ff 	l.addi r3,r3,0xffffffff
    2164:	18 40 00 00 	l.movhi r2,0x0
    2168:	a8 42 00 00 	l.ori r2,r2,0x0
    216c:	bc 02 00 00 	l.sfeqi r2,0x0
    2170:	10 00 00 06 	l.bf 2188 <__do_global_dtors_aux+0xb8>
    2174:	9c 40 00 01 	l.addi r2,r0,0x1
    2178:	18 60 00 00 	l.movhi r3,0x0
    217c:	07 ff f7 a1 	l.jal 0 <__reset-0x100>
    2180:	a8 63 3f f0 	l.ori r3,r3,0x3ff0
    2184:	9c 40 00 01 	l.addi r2,r0,0x1
    2188:	d8 10 10 00 	l.sb 0x0(r16),r2
    218c:	9c 21 00 10 	l.addi r1,r1,0x10
    2190:	85 21 ff fc 	l.lwz r9,0xfffffffc(r1)
    2194:	84 41 ff f0 	l.lwz r2,0xfffffff0(r1)
    2198:	85 c1 ff f4 	l.lwz r14,0xfffffff4(r1)
    219c:	44 00 48 00 	l.jr r9
    21a0:	86 01 ff f8 	l.lwz r16,0xfffffff8(r1)

000021a4 <call___do_global_dtors_aux>:
    21a4:	d7 e1 4f fc 	l.sw 0xfffffffc(r1),r9
    21a8:	9c 21 ff fc 	l.addi r1,r1,0xfffffffc
    21ac:	9c 21 00 04 	l.addi r1,r1,0x4
    21b0:	85 21 ff fc 	l.lwz r9,0xfffffffc(r1)
    21b4:	44 00 48 00 	l.jr r9
    21b8:	15 00 00 00 	l.nop 0x0

000021bc <frame_dummy>:
    21bc:	18 60 00 00 	l.movhi r3,0x0
    21c0:	d7 e1 4f fc 	l.sw 0xfffffffc(r1),r9
    21c4:	a8 63 00 00 	l.ori r3,r3,0x0
    21c8:	bc 03 00 00 	l.sfeqi r3,0x0
    21cc:	10 00 00 07 	l.bf 21e8 <frame_dummy+0x2c>
    21d0:	9c 21 ff fc 	l.addi r1,r1,0xfffffffc
    21d4:	18 60 00 00 	l.movhi r3,0x0
    21d8:	18 80 00 00 	l.movhi r4,0x0
    21dc:	a8 63 3f f0 	l.ori r3,r3,0x3ff0
    21e0:	07 ff f7 88 	l.jal 0 <__reset-0x100>
    21e4:	a8 84 69 c8 	l.ori r4,r4,0x69c8
    21e8:	18 60 00 00 	l.movhi r3,0x0
    21ec:	a8 63 60 04 	l.ori r3,r3,0x6004
    21f0:	84 83 00 00 	l.lwz r4,0x0(r3)
    21f4:	bc 04 00 00 	l.sfeqi r4,0x0
    21f8:	10 00 00 0a 	l.bf 2220 <frame_dummy+0x64>
    21fc:	18 80 00 00 	l.movhi r4,0x0
    2200:	a8 84 00 00 	l.ori r4,r4,0x0
    2204:	bc 04 00 00 	l.sfeqi r4,0x0
    2208:	10 00 00 06 	l.bf 2220 <frame_dummy+0x64>
    220c:	15 00 00 00 	l.nop 0x0
    2210:	9c 21 00 04 	l.addi r1,r1,0x4
    2214:	85 21 ff fc 	l.lwz r9,0xfffffffc(r1)
    2218:	44 00 20 00 	l.jr r4
    221c:	15 00 00 00 	l.nop 0x0
    2220:	9c 21 00 04 	l.addi r1,r1,0x4
    2224:	85 21 ff fc 	l.lwz r9,0xfffffffc(r1)
    2228:	44 00 48 00 	l.jr r9
    222c:	15 00 00 00 	l.nop 0x0

00002230 <call_frame_dummy>:
    2230:	d7 e1 4f fc 	l.sw 0xfffffffc(r1),r9
    2234:	9c 21 ff fc 	l.addi r1,r1,0xfffffffc
    2238:	9c 21 00 04 	l.addi r1,r1,0x4
    223c:	85 21 ff fc 	l.lwz r9,0xfffffffc(r1)
    2240:	44 00 48 00 	l.jr r9
    2244:	15 00 00 00 	l.nop 0x0

00002248 <function>:
    2248:	d7 e1 17 fc 	l.sw 0xfffffffc(r1),r2
    224c:	9c 41 00 00 	l.addi r2,r1,0x0
    2250:	9c 21 ff e0 	l.addi r1,r1,0xffffffe0
    2254:	d7 e2 1f f4 	l.sw 0xfffffff4(r2),r3
    2258:	d7 e2 27 f0 	l.sw 0xfffffff0(r2),r4
    225c:	d7 e2 2f ec 	l.sw 0xffffffec(r2),r5
    2260:	d7 e2 37 e8 	l.sw 0xffffffe8(r2),r6
    2264:	d7 e2 3f e4 	l.sw 0xffffffe4(r2),r7
    2268:	d7 e2 47 e0 	l.sw 0xffffffe0(r2),r8
    226c:	9c 60 00 00 	l.addi r3,r0,0x0
    2270:	d7 e2 1f f8 	l.sw 0xfffffff8(r2),r3
    2274:	84 62 00 00 	l.lwz r3,0x0(r2)
    2278:	bd a3 00 04 	l.sflesi r3,0x4
    227c:	10 00 00 10 	l.bf 22bc <function+0x74>
    2280:	15 00 00 00 	l.nop 0x0
    2284:	84 82 ff f4 	l.lwz r4,0xfffffff4(r2)
    2288:	84 62 ff f0 	l.lwz r3,0xfffffff0(r2)
    228c:	e0 84 18 00 	l.add r4,r4,r3
    2290:	84 62 ff ec 	l.lwz r3,0xffffffec(r2)
    2294:	e0 84 18 00 	l.add r4,r4,r3
    2298:	84 62 ff e8 	l.lwz r3,0xffffffe8(r2)
    229c:	e0 84 18 00 	l.add r4,r4,r3
    22a0:	84 62 ff e4 	l.lwz r3,0xffffffe4(r2)
    22a4:	e0 84 18 02 	l.sub r4,r4,r3
    22a8:	84 62 ff e0 	l.lwz r3,0xffffffe0(r2)
    22ac:	e0 64 18 02 	l.sub r3,r4,r3
    22b0:	d7 e2 1f f8 	l.sw 0xfffffff8(r2),r3
    22b4:	00 00 00 0e 	l.j 22ec <function+0xa4>
    22b8:	15 00 00 00 	l.nop 0x0
    22bc:	84 82 ff f4 	l.lwz r4,0xfffffff4(r2)
    22c0:	84 62 ff f0 	l.lwz r3,0xfffffff0(r2)
    22c4:	e0 84 18 00 	l.add r4,r4,r3
    22c8:	84 62 ff ec 	l.lwz r3,0xffffffec(r2)
    22cc:	e0 84 18 00 	l.add r4,r4,r3
    22d0:	84 62 ff e8 	l.lwz r3,0xffffffe8(r2)
    22d4:	e0 84 18 00 	l.add r4,r4,r3
    22d8:	84 62 ff e4 	l.lwz r3,0xffffffe4(r2)
    22dc:	e0 84 18 00 	l.add r4,r4,r3
    22e0:	84 62 ff e0 	l.lwz r3,0xffffffe0(r2)
    22e4:	e0 64 18 02 	l.sub r3,r4,r3
    22e8:	d7 e2 1f f8 	l.sw 0xfffffff8(r2),r3
    22ec:	84 62 ff f8 	l.lwz r3,0xfffffff8(r2)
    22f0:	a9 63 00 00 	l.ori r11,r3,0x0
    22f4:	a8 22 00 00 	l.ori r1,r2,0x0
    22f8:	84 41 ff fc 	l.lwz r2,0xfffffffc(r1)
    22fc:	44 00 48 00 	l.jr r9
    2300:	15 00 00 00 	l.nop 0x0

00002304 <main>:
    2304:	d7 e1 17 f8 	l.sw 0xfffffff8(r1),r2
    2308:	9c 41 00 00 	l.addi r2,r1,0x0
    230c:	d7 e1 4f fc 	l.sw 0xfffffffc(r1),r9
    2310:	9c 21 ff f0 	l.addi r1,r1,0xfffffff0
    2314:	9c 60 00 07 	l.addi r3,r0,0x7
    2318:	d4 01 18 00 	l.sw 0x0(r1),r3
    231c:	9c 60 00 01 	l.addi r3,r0,0x1
    2320:	9c 80 00 02 	l.addi r4,r0,0x2
    2324:	9c a0 00 03 	l.addi r5,r0,0x3
    2328:	9c c0 00 04 	l.addi r6,r0,0x4
    232c:	9c e0 00 05 	l.addi r7,r0,0x5
    2330:	9d 00 00 06 	l.addi r8,r0,0x6
    2334:	07 ff ff c5 	l.jal 2248 <function>
    2338:	15 00 00 00 	l.nop 0x0
    233c:	d7 e2 5f f4 	l.sw 0xfffffff4(r2),r11
    2340:	9c 60 00 00 	l.addi r3,r0,0x0
    2344:	a9 63 00 00 	l.ori r11,r3,0x0
    2348:	a8 22 00 00 	l.ori r1,r2,0x0
    234c:	84 41 ff f8 	l.lwz r2,0xfffffff8(r1)
    2350:	85 21 ff fc 	l.lwz r9,0xfffffffc(r1)
    2354:	44 00 48 00 	l.jr r9
    2358:	15 00 00 00 	l.nop 0x0

0000235c <atexit>:
    235c:	d7 e1 4f fc 	l.sw 0xfffffffc(r1),r9
    2360:	9c 21 ff fc 	l.addi r1,r1,0xfffffffc
    2364:	a8 83 00 00 	l.ori r4,r3,0x0
    2368:	9c 21 00 04 	l.addi r1,r1,0x4
    236c:	9c 60 00 00 	l.addi r3,r0,0x0
    2370:	85 21 ff fc 	l.lwz r9,0xfffffffc(r1)
    2374:	a8 a3 00 00 	l.ori r5,r3,0x0
    2378:	00 00 03 bb 	l.j 3264 <__register_exitproc>
    237c:	a8 c3 00 00 	l.ori r6,r3,0x0

00002380 <exit>:
    2380:	d7 e1 17 f8 	l.sw 0xfffffff8(r1),r2
    2384:	d7 e1 4f fc 	l.sw 0xfffffffc(r1),r9
    2388:	9c 80 00 00 	l.addi r4,r0,0x0
    238c:	9c 21 ff f8 	l.addi r1,r1,0xfffffff8
    2390:	04 00 04 06 	l.jal 33a8 <__call_exitprocs>
    2394:	a8 43 00 00 	l.ori r2,r3,0x0
    2398:	18 80 00 00 	l.movhi r4,0x0
    239c:	a8 84 3f e8 	l.ori r4,r4,0x3fe8
    23a0:	84 84 00 00 	l.lwz r4,0x0(r4)
    23a4:	84 a4 00 3c 	l.lwz r5,0x3c(r4)
    23a8:	bc 05 00 00 	l.sfeqi r5,0x0
    23ac:	10 00 00 04 	l.bf 23bc <exit+0x3c>
    23b0:	15 00 00 00 	l.nop 0x0
    23b4:	48 00 28 00 	l.jalr r5
    23b8:	a8 64 00 00 	l.ori r3,r4,0x0
    23bc:	04 00 06 39 	l.jal 3ca0 <_exit>
    23c0:	a8 62 00 00 	l.ori r3,r2,0x0

000023c4 <malloc>:
    23c4:	a8 83 00 00 	l.ori r4,r3,0x0
    23c8:	18 60 00 00 	l.movhi r3,0x0
    23cc:	d7 e1 4f fc 	l.sw 0xfffffffc(r1),r9
    23d0:	a8 63 60 10 	l.ori r3,r3,0x6010
    23d4:	9c 21 ff fc 	l.addi r1,r1,0xfffffffc
    23d8:	84 63 00 00 	l.lwz r3,0x0(r3)
    23dc:	9c 21 00 04 	l.addi r1,r1,0x4
    23e0:	85 21 ff fc 	l.lwz r9,0xfffffffc(r1)
    23e4:	00 00 00 0c 	l.j 2414 <_malloc_r>
    23e8:	15 00 00 00 	l.nop 0x0

000023ec <free>:
    23ec:	a8 83 00 00 	l.ori r4,r3,0x0
    23f0:	18 60 00 00 	l.movhi r3,0x0
    23f4:	d7 e1 4f fc 	l.sw 0xfffffffc(r1),r9
    23f8:	a8 63 60 10 	l.ori r3,r3,0x6010
    23fc:	9c 21 ff fc 	l.addi r1,r1,0xfffffffc
    2400:	84 63 00 00 	l.lwz r3,0x0(r3)
    2404:	9c 21 00 04 	l.addi r1,r1,0x4
    2408:	85 21 ff fc 	l.lwz r9,0xfffffffc(r1)
    240c:	00 00 04 b9 	l.j 36f0 <_free_r>
    2410:	15 00 00 00 	l.nop 0x0

00002414 <_malloc_r>:
    2414:	d7 e1 77 dc 	l.sw 0xffffffdc(r1),r14
    2418:	d7 e1 87 e0 	l.sw 0xffffffe0(r1),r16
    241c:	d7 e1 4f fc 	l.sw 0xfffffffc(r1),r9
    2420:	d7 e1 17 d8 	l.sw 0xffffffd8(r1),r2
    2424:	d7 e1 97 e4 	l.sw 0xffffffe4(r1),r18
    2428:	d7 e1 a7 e8 	l.sw 0xffffffe8(r1),r20
    242c:	d7 e1 b7 ec 	l.sw 0xffffffec(r1),r22
    2430:	d7 e1 c7 f0 	l.sw 0xfffffff0(r1),r24
    2434:	d7 e1 d7 f4 	l.sw 0xfffffff4(r1),r26
    2438:	d7 e1 e7 f8 	l.sw 0xfffffff8(r1),r28
    243c:	9d c4 00 0b 	l.addi r14,r4,0xb
    2440:	9c 21 ff d8 	l.addi r1,r1,0xffffffd8
    2444:	bc ae 00 16 	l.sfleui r14,0x16
    2448:	10 00 00 36 	l.bf 2520 <_malloc_r+0x10c>
    244c:	aa 03 00 00 	l.ori r16,r3,0x0
    2450:	9c 40 ff f8 	l.addi r2,r0,0xfffffff8
    2454:	e1 ce 10 03 	l.and r14,r14,r2
    2458:	b8 6e 00 5f 	l.srli r3,r14,0x1f
    245c:	e4 8e 20 00 	l.sfltu r14,r4
    2460:	10 00 00 03 	l.bf 246c <_malloc_r+0x58>
    2464:	9c 40 00 01 	l.addi r2,r0,0x1
    2468:	9c 40 00 00 	l.addi r2,r0,0x0
    246c:	a4 42 00 ff 	l.andi r2,r2,0xff
    2470:	bc 22 00 00 	l.sfnei r2,0x0
    2474:	10 00 00 b3 	l.bf 2740 <_malloc_r+0x32c>
    2478:	bc 03 00 00 	l.sfeqi r3,0x0
    247c:	0c 00 00 b2 	l.bnf 2744 <_malloc_r+0x330>
    2480:	9c 40 00 0c 	l.addi r2,r0,0xc
    2484:	04 00 02 34 	l.jal 2d54 <__malloc_lock>
    2488:	a8 70 00 00 	l.ori r3,r16,0x0
    248c:	bc 4e 01 f7 	l.sfgtui r14,0x1f7
    2490:	10 00 00 27 	l.bf 252c <_malloc_r+0x118>
    2494:	b8 ee 00 49 	l.srli r7,r14,0x9
    2498:	18 80 00 00 	l.movhi r4,0x0
    249c:	b8 ee 00 43 	l.srli r7,r14,0x3
    24a0:	a8 84 64 38 	l.ori r4,r4,0x6438
    24a4:	e0 6e 20 00 	l.add r3,r14,r4
    24a8:	84 43 00 0c 	l.lwz r2,0xc(r3)
    24ac:	e4 22 18 00 	l.sfne r2,r3
    24b0:	0c 00 01 8e 	l.bnf 2ae8 <_malloc_r+0x6d4>
    24b4:	aa 44 00 00 	l.ori r18,r4,0x0
    24b8:	84 82 00 04 	l.lwz r4,0x4(r2)
    24bc:	9c a0 ff fc 	l.addi r5,r0,0xfffffffc
    24c0:	84 62 00 0c 	l.lwz r3,0xc(r2)
    24c4:	e0 84 28 03 	l.and r4,r4,r5
    24c8:	84 c2 00 08 	l.lwz r6,0x8(r2)
    24cc:	e0 82 20 00 	l.add r4,r2,r4
    24d0:	d4 06 18 0c 	l.sw 0xc(r6),r3
    24d4:	84 a4 00 04 	l.lwz r5,0x4(r4)
    24d8:	d4 03 30 08 	l.sw 0x8(r3),r6
    24dc:	a8 a5 00 01 	l.ori r5,r5,0x1
    24e0:	a8 70 00 00 	l.ori r3,r16,0x0
    24e4:	04 00 02 1e 	l.jal 2d5c <__malloc_unlock>
    24e8:	d4 04 28 04 	l.sw 0x4(r4),r5
    24ec:	9d 62 00 08 	l.addi r11,r2,0x8
    24f0:	9c 21 00 28 	l.addi r1,r1,0x28
    24f4:	85 21 ff fc 	l.lwz r9,0xfffffffc(r1)
    24f8:	84 41 ff d8 	l.lwz r2,0xffffffd8(r1)
    24fc:	85 c1 ff dc 	l.lwz r14,0xffffffdc(r1)
    2500:	86 01 ff e0 	l.lwz r16,0xffffffe0(r1)
    2504:	86 41 ff e4 	l.lwz r18,0xffffffe4(r1)
    2508:	86 81 ff e8 	l.lwz r20,0xffffffe8(r1)
    250c:	86 c1 ff ec 	l.lwz r22,0xffffffec(r1)
    2510:	87 01 ff f0 	l.lwz r24,0xfffffff0(r1)
    2514:	87 41 ff f4 	l.lwz r26,0xfffffff4(r1)
    2518:	44 00 48 00 	l.jr r9
    251c:	87 81 ff f8 	l.lwz r28,0xfffffff8(r1)
    2520:	9c 60 00 00 	l.addi r3,r0,0x0
    2524:	03 ff ff ce 	l.j 245c <_malloc_r+0x48>
    2528:	9d c0 00 10 	l.addi r14,r0,0x10
    252c:	bc 27 00 00 	l.sfnei r7,0x0
    2530:	0c 00 00 88 	l.bnf 2750 <_malloc_r+0x33c>
    2534:	bc 47 00 04 	l.sfgtui r7,0x4
    2538:	10 00 01 55 	l.bf 2a8c <_malloc_r+0x678>
    253c:	bc 47 00 14 	l.sfgtui r7,0x14
    2540:	b8 ee 00 46 	l.srli r7,r14,0x6
    2544:	9c e7 00 38 	l.addi r7,r7,0x38
    2548:	b8 67 00 03 	l.slli r3,r7,0x3
    254c:	19 60 00 00 	l.movhi r11,0x0
    2550:	a9 6b 64 38 	l.ori r11,r11,0x6438
    2554:	e0 63 58 00 	l.add r3,r3,r11
    2558:	84 43 00 0c 	l.lwz r2,0xc(r3)
    255c:	e4 03 10 00 	l.sfeq r3,r2
    2560:	10 00 00 19 	l.bf 25c4 <_malloc_r+0x1b0>
    2564:	aa 4b 00 00 	l.ori r18,r11,0x0
    2568:	9c a0 ff fc 	l.addi r5,r0,0xfffffffc
    256c:	84 82 00 04 	l.lwz r4,0x4(r2)
    2570:	e0 84 28 03 	l.and r4,r4,r5
    2574:	e0 a4 70 02 	l.sub r5,r4,r14
    2578:	bd 45 00 0f 	l.sfgtsi r5,0xf
    257c:	10 00 00 b9 	l.bf 2860 <_malloc_r+0x44c>
    2580:	bd 65 00 00 	l.sfgesi r5,0x0
    2584:	0c 00 00 0c 	l.bnf 25b4 <_malloc_r+0x1a0>
    2588:	15 00 00 00 	l.nop 0x0
    258c:	00 00 00 b8 	l.j 286c <_malloc_r+0x458>
    2590:	e0 82 20 00 	l.add r4,r2,r4
    2594:	84 82 00 04 	l.lwz r4,0x4(r2)
    2598:	e0 84 58 03 	l.and r4,r4,r11
    259c:	e0 a4 70 02 	l.sub r5,r4,r14
    25a0:	bd a5 00 0f 	l.sflesi r5,0xf
    25a4:	0c 00 00 af 	l.bnf 2860 <_malloc_r+0x44c>
    25a8:	bd 85 00 00 	l.sfltsi r5,0x0
    25ac:	0c 00 00 af 	l.bnf 2868 <_malloc_r+0x454>
    25b0:	15 00 00 00 	l.nop 0x0
    25b4:	84 42 00 0c 	l.lwz r2,0xc(r2)
    25b8:	e4 23 10 00 	l.sfne r3,r2
    25bc:	13 ff ff f6 	l.bf 2594 <_malloc_r+0x180>
    25c0:	9d 60 ff fc 	l.addi r11,r0,0xfffffffc
    25c4:	9c e7 00 01 	l.addi r7,r7,0x1
    25c8:	18 c0 00 00 	l.movhi r6,0x0
    25cc:	a8 c6 64 40 	l.ori r6,r6,0x6440
    25d0:	84 46 00 08 	l.lwz r2,0x8(r6)
    25d4:	e4 26 10 00 	l.sfne r6,r2
    25d8:	0c 00 00 7f 	l.bnf 27d4 <_malloc_r+0x3c0>
    25dc:	9c 60 ff fc 	l.addi r3,r0,0xfffffffc
    25e0:	84 82 00 04 	l.lwz r4,0x4(r2)
    25e4:	e0 84 18 03 	l.and r4,r4,r3
    25e8:	e0 64 70 02 	l.sub r3,r4,r14
    25ec:	bd a3 00 0f 	l.sflesi r3,0xf
    25f0:	0c 00 01 2f 	l.bnf 2aac <_malloc_r+0x698>
    25f4:	bd 83 00 00 	l.sfltsi r3,0x0
    25f8:	d4 06 30 0c 	l.sw 0xc(r6),r6
    25fc:	0c 00 00 a7 	l.bnf 2898 <_malloc_r+0x484>
    2600:	d4 06 30 08 	l.sw 0x8(r6),r6
    2604:	bc 44 01 ff 	l.sfgtui r4,0x1ff
    2608:	10 00 00 55 	l.bf 275c <_malloc_r+0x348>
    260c:	b8 64 00 49 	l.srli r3,r4,0x9
    2610:	b8 64 00 43 	l.srli r3,r4,0x3
    2614:	9d 00 00 01 	l.addi r8,r0,0x1
    2618:	84 92 00 04 	l.lwz r4,0x4(r18)
    261c:	b8 a3 00 82 	l.srai r5,r3,0x2
    2620:	b8 63 00 03 	l.slli r3,r3,0x3
    2624:	e1 08 28 08 	l.sll r8,r8,r5
    2628:	18 a0 00 00 	l.movhi r5,0x0
    262c:	a8 a5 64 38 	l.ori r5,r5,0x6438
    2630:	e0 88 20 04 	l.or r4,r8,r4
    2634:	e0 63 28 00 	l.add r3,r3,r5
    2638:	d4 12 20 04 	l.sw 0x4(r18),r4
    263c:	84 a3 00 08 	l.lwz r5,0x8(r3)
    2640:	d4 02 18 0c 	l.sw 0xc(r2),r3
    2644:	d4 02 28 08 	l.sw 0x8(r2),r5
    2648:	d4 03 10 08 	l.sw 0x8(r3),r2
    264c:	d4 05 10 0c 	l.sw 0xc(r5),r2
    2650:	b8 47 00 82 	l.srai r2,r7,0x2
    2654:	9c 60 00 01 	l.addi r3,r0,0x1
    2658:	e0 63 10 08 	l.sll r3,r3,r2
    265c:	e4 43 20 00 	l.sfgtu r3,r4
    2660:	10 00 00 64 	l.bf 27f0 <_malloc_r+0x3dc>
    2664:	e0 44 18 03 	l.and r2,r4,r3
    2668:	bc 22 00 00 	l.sfnei r2,0x0
    266c:	10 00 00 0d 	l.bf 26a0 <_malloc_r+0x28c>
    2670:	9c 40 ff fc 	l.addi r2,r0,0xfffffffc
    2674:	e0 63 18 00 	l.add r3,r3,r3
    2678:	e0 e7 10 03 	l.and r7,r7,r2
    267c:	e0 44 18 03 	l.and r2,r4,r3
    2680:	bc 22 00 00 	l.sfnei r2,0x0
    2684:	10 00 00 07 	l.bf 26a0 <_malloc_r+0x28c>
    2688:	9c e7 00 04 	l.addi r7,r7,0x4
    268c:	e0 63 18 00 	l.add r3,r3,r3
    2690:	e0 43 20 03 	l.and r2,r3,r4
    2694:	bc 02 00 00 	l.sfeqi r2,0x0
    2698:	13 ff ff fd 	l.bf 268c <_malloc_r+0x278>
    269c:	9c e7 00 04 	l.addi r7,r7,0x4
    26a0:	18 80 00 00 	l.movhi r4,0x0
    26a4:	b9 87 00 03 	l.slli r12,r7,0x3
    26a8:	a8 84 64 38 	l.ori r4,r4,0x6438
    26ac:	a9 67 00 00 	l.ori r11,r7,0x0
    26b0:	e1 8c 20 00 	l.add r12,r12,r4
    26b4:	a9 0c 00 00 	l.ori r8,r12,0x0
    26b8:	84 48 00 0c 	l.lwz r2,0xc(r8)
    26bc:	e4 08 10 00 	l.sfeq r8,r2
    26c0:	10 00 00 19 	l.bf 2724 <_malloc_r+0x310>
    26c4:	9c 80 ff fc 	l.addi r4,r0,0xfffffffc
    26c8:	84 a2 00 04 	l.lwz r5,0x4(r2)
    26cc:	e0 a5 20 03 	l.and r5,r5,r4
    26d0:	e0 85 70 02 	l.sub r4,r5,r14
    26d4:	bd 44 00 0f 	l.sfgtsi r4,0xf
    26d8:	10 00 01 0b 	l.bf 2b04 <_malloc_r+0x6f0>
    26dc:	bd 64 00 00 	l.sfgesi r4,0x0
    26e0:	0c 00 00 0d 	l.bnf 2714 <_malloc_r+0x300>
    26e4:	15 00 00 00 	l.nop 0x0
    26e8:	00 00 01 1b 	l.j 2b54 <_malloc_r+0x740>
    26ec:	e0 a2 28 00 	l.add r5,r2,r5
    26f0:	9c 80 ff fc 	l.addi r4,r0,0xfffffffc
    26f4:	84 a2 00 04 	l.lwz r5,0x4(r2)
    26f8:	e0 a5 20 03 	l.and r5,r5,r4
    26fc:	e0 85 70 02 	l.sub r4,r5,r14
    2700:	bd a4 00 0f 	l.sflesi r4,0xf
    2704:	0c 00 01 00 	l.bnf 2b04 <_malloc_r+0x6f0>
    2708:	bd 84 00 00 	l.sfltsi r4,0x0
    270c:	0c 00 01 11 	l.bnf 2b50 <_malloc_r+0x73c>
    2710:	15 00 00 00 	l.nop 0x0
    2714:	84 42 00 0c 	l.lwz r2,0xc(r2)
    2718:	e4 28 10 00 	l.sfne r8,r2
    271c:	13 ff ff f5 	l.bf 26f0 <_malloc_r+0x2dc>
    2720:	15 00 00 00 	l.nop 0x0
    2724:	9d 6b 00 01 	l.addi r11,r11,0x1
    2728:	a4 4b 00 03 	l.andi r2,r11,0x3
    272c:	bc 22 00 00 	l.sfnei r2,0x0
    2730:	0c 00 01 42 	l.bnf 2c38 <_malloc_r+0x824>
    2734:	9d 08 00 08 	l.addi r8,r8,0x8
    2738:	03 ff ff e1 	l.j 26bc <_malloc_r+0x2a8>
    273c:	84 48 00 0c 	l.lwz r2,0xc(r8)
    2740:	9c 40 00 0c 	l.addi r2,r0,0xc
    2744:	9d 60 00 00 	l.addi r11,r0,0x0
    2748:	03 ff ff 6a 	l.j 24f0 <_malloc_r+0xdc>
    274c:	d4 10 10 00 	l.sw 0x0(r16),r2
    2750:	b8 ee 00 43 	l.srli r7,r14,0x3
    2754:	03 ff ff 7e 	l.j 254c <_malloc_r+0x138>
    2758:	b8 67 00 03 	l.slli r3,r7,0x3
    275c:	bc 43 00 04 	l.sfgtui r3,0x4
    2760:	10 00 01 0b 	l.bf 2b8c <_malloc_r+0x778>
    2764:	bc 43 00 14 	l.sfgtui r3,0x14
    2768:	b9 04 00 46 	l.srli r8,r4,0x6
    276c:	9d 08 00 38 	l.addi r8,r8,0x38
    2770:	19 60 00 00 	l.movhi r11,0x0
    2774:	b8 a8 00 03 	l.slli r5,r8,0x3
    2778:	a9 6b 64 38 	l.ori r11,r11,0x6438
    277c:	e0 a5 58 00 	l.add r5,r5,r11
    2780:	84 65 00 08 	l.lwz r3,0x8(r5)
    2784:	e4 03 28 00 	l.sfeq r3,r5
    2788:	0c 00 00 08 	l.bnf 27a8 <_malloc_r+0x394>
    278c:	b9 08 00 82 	l.srai r8,r8,0x2
    2790:	00 00 01 14 	l.j 2be0 <_malloc_r+0x7cc>
    2794:	9c 80 00 01 	l.addi r4,r0,0x1
    2798:	84 63 00 08 	l.lwz r3,0x8(r3)
    279c:	e4 05 18 00 	l.sfeq r5,r3
    27a0:	10 00 00 08 	l.bf 27c0 <_malloc_r+0x3ac>
    27a4:	15 00 00 00 	l.nop 0x0
    27a8:	85 03 00 04 	l.lwz r8,0x4(r3)
    27ac:	9d 60 ff fc 	l.addi r11,r0,0xfffffffc
    27b0:	e1 08 58 03 	l.and r8,r8,r11
    27b4:	e4 84 40 00 	l.sfltu r4,r8
    27b8:	13 ff ff f8 	l.bf 2798 <_malloc_r+0x384>
    27bc:	15 00 00 00 	l.nop 0x0
    27c0:	84 83 00 0c 	l.lwz r4,0xc(r3)
    27c4:	d4 02 20 0c 	l.sw 0xc(r2),r4
    27c8:	d4 02 18 08 	l.sw 0x8(r2),r3
    27cc:	d4 04 10 08 	l.sw 0x8(r4),r2
    27d0:	d4 03 10 0c 	l.sw 0xc(r3),r2
    27d4:	b8 47 00 82 	l.srai r2,r7,0x2
    27d8:	9c 60 00 01 	l.addi r3,r0,0x1
    27dc:	84 92 00 04 	l.lwz r4,0x4(r18)
    27e0:	e0 63 10 08 	l.sll r3,r3,r2
    27e4:	e4 43 20 00 	l.sfgtu r3,r4
    27e8:	0f ff ff a0 	l.bnf 2668 <_malloc_r+0x254>
    27ec:	e0 44 18 03 	l.and r2,r4,r3
    27f0:	84 52 00 08 	l.lwz r2,0x8(r18)
    27f4:	9c a0 ff fc 	l.addi r5,r0,0xfffffffc
    27f8:	86 82 00 04 	l.lwz r20,0x4(r2)
    27fc:	e2 94 28 03 	l.and r20,r20,r5
    2800:	e0 74 70 02 	l.sub r3,r20,r14
    2804:	bd a3 00 0f 	l.sflesi r3,0xf
    2808:	10 00 00 03 	l.bf 2814 <_malloc_r+0x400>
    280c:	9c 80 00 01 	l.addi r4,r0,0x1
    2810:	9c 80 00 00 	l.addi r4,r0,0x0
    2814:	a4 84 00 ff 	l.andi r4,r4,0xff
    2818:	bc 24 00 00 	l.sfnei r4,0x0
    281c:	10 00 00 27 	l.bf 28b8 <_malloc_r+0x4a4>
    2820:	e4 4e a0 00 	l.sfgtu r14,r20
    2824:	0c 00 00 de 	l.bnf 2b9c <_malloc_r+0x788>
    2828:	9c a0 00 01 	l.addi r5,r0,0x1
    282c:	a4 a5 00 ff 	l.andi r5,r5,0xff
    2830:	bc 05 00 00 	l.sfeqi r5,0x0
    2834:	0c 00 00 21 	l.bnf 28b8 <_malloc_r+0x4a4>
    2838:	a8 8e 00 01 	l.ori r4,r14,0x1
    283c:	a8 63 00 01 	l.ori r3,r3,0x1
    2840:	e1 c2 70 00 	l.add r14,r2,r14
    2844:	d4 02 20 04 	l.sw 0x4(r2),r4
    2848:	d4 0e 18 04 	l.sw 0x4(r14),r3
    284c:	d4 12 70 08 	l.sw 0x8(r18),r14
    2850:	04 00 01 43 	l.jal 2d5c <__malloc_unlock>
    2854:	a8 70 00 00 	l.ori r3,r16,0x0
    2858:	03 ff ff 26 	l.j 24f0 <_malloc_r+0xdc>
    285c:	9d 62 00 08 	l.addi r11,r2,0x8
    2860:	03 ff ff 59 	l.j 25c4 <_malloc_r+0x1b0>
    2864:	9c e7 ff ff 	l.addi r7,r7,0xffffffff
    2868:	e0 82 20 00 	l.add r4,r2,r4
    286c:	84 62 00 0c 	l.lwz r3,0xc(r2)
    2870:	84 a4 00 04 	l.lwz r5,0x4(r4)
    2874:	84 c2 00 08 	l.lwz r6,0x8(r2)
    2878:	a8 a5 00 01 	l.ori r5,r5,0x1
    287c:	d4 06 18 0c 	l.sw 0xc(r6),r3
    2880:	d4 03 30 08 	l.sw 0x8(r3),r6
    2884:	d4 04 28 04 	l.sw 0x4(r4),r5
    2888:	04 00 01 35 	l.jal 2d5c <__malloc_unlock>
    288c:	a8 70 00 00 	l.ori r3,r16,0x0
    2890:	03 ff ff 18 	l.j 24f0 <_malloc_r+0xdc>
    2894:	9d 62 00 08 	l.addi r11,r2,0x8
    2898:	e0 82 20 00 	l.add r4,r2,r4
    289c:	a8 70 00 00 	l.ori r3,r16,0x0
    28a0:	84 a4 00 04 	l.lwz r5,0x4(r4)
    28a4:	a8 a5 00 01 	l.ori r5,r5,0x1
    28a8:	04 00 01 2d 	l.jal 2d5c <__malloc_unlock>
    28ac:	d4 04 28 04 	l.sw 0x4(r4),r5
    28b0:	03 ff ff 10 	l.j 24f0 <_malloc_r+0xdc>
    28b4:	9d 62 00 08 	l.addi r11,r2,0x8
    28b8:	18 60 00 00 	l.movhi r3,0x0
    28bc:	1b 80 00 00 	l.movhi r28,0x0
    28c0:	a8 63 69 e0 	l.ori r3,r3,0x69e0
    28c4:	ab 9c 68 44 	l.ori r28,r28,0x6844
    28c8:	86 c3 00 00 	l.lwz r22,0x0(r3)
    28cc:	84 7c 00 00 	l.lwz r3,0x0(r28)
    28d0:	9e d6 00 10 	l.addi r22,r22,0x10
    28d4:	bc 03 ff ff 	l.sfeqi r3,0xffffffff
    28d8:	10 00 00 05 	l.bf 28ec <_malloc_r+0x4d8>
    28dc:	e2 d6 70 00 	l.add r22,r22,r14
    28e0:	9e d6 0f ff 	l.addi r22,r22,0xfff
    28e4:	9d 60 f0 00 	l.addi r11,r0,0xfffff000
    28e8:	e2 d6 58 03 	l.and r22,r22,r11
    28ec:	a8 70 00 00 	l.ori r3,r16,0x0
    28f0:	04 00 02 40 	l.jal 31f0 <_sbrk_r>
    28f4:	a8 96 00 00 	l.ori r4,r22,0x0
    28f8:	bc 2b ff ff 	l.sfnei r11,0xffffffff
    28fc:	0c 00 00 ec 	l.bnf 2cac <_malloc_r+0x898>
    2900:	ab 0b 00 00 	l.ori r24,r11,0x0
    2904:	e0 82 a0 00 	l.add r4,r2,r20
    2908:	e4 a4 58 00 	l.sfleu r4,r11
    290c:	0c 00 00 a6 	l.bnf 2ba4 <_malloc_r+0x790>
    2910:	18 a0 00 00 	l.movhi r5,0x0
    2914:	1b 40 00 00 	l.movhi r26,0x0
    2918:	e4 24 58 00 	l.sfne r4,r11
    291c:	ab 5a 69 ec 	l.ori r26,r26,0x69ec
    2920:	84 7a 00 00 	l.lwz r3,0x0(r26)
    2924:	e0 76 18 00 	l.add r3,r22,r3
    2928:	0c 00 00 eb 	l.bnf 2cd4 <_malloc_r+0x8c0>
    292c:	d4 1a 18 00 	l.sw 0x0(r26),r3
    2930:	84 bc 00 00 	l.lwz r5,0x0(r28)
    2934:	bc 25 ff ff 	l.sfnei r5,0xffffffff
    2938:	0c 00 00 f9 	l.bnf 2d1c <_malloc_r+0x908>
    293c:	e0 6b 18 00 	l.add r3,r11,r3
    2940:	e0 83 20 02 	l.sub r4,r3,r4
    2944:	d4 1a 20 00 	l.sw 0x0(r26),r4
    2948:	a4 6b 00 07 	l.andi r3,r11,0x7
    294c:	bc 03 00 00 	l.sfeqi r3,0x0
    2950:	10 00 00 06 	l.bf 2968 <_malloc_r+0x554>
    2954:	9c 80 10 00 	l.addi r4,r0,0x1000
    2958:	9c 80 00 08 	l.addi r4,r0,0x8
    295c:	e0 64 18 02 	l.sub r3,r4,r3
    2960:	e3 0b 18 00 	l.add r24,r11,r3
    2964:	9c 83 10 00 	l.addi r4,r3,0x1000
    2968:	e2 d8 b0 00 	l.add r22,r24,r22
    296c:	a8 70 00 00 	l.ori r3,r16,0x0
    2970:	a6 d6 0f ff 	l.andi r22,r22,0xfff
    2974:	e2 c4 b0 02 	l.sub r22,r4,r22
    2978:	04 00 02 1e 	l.jal 31f0 <_sbrk_r>
    297c:	a8 96 00 00 	l.ori r4,r22,0x0
    2980:	bc 0b ff ff 	l.sfeqi r11,0xffffffff
    2984:	10 00 00 e4 	l.bf 2d14 <_malloc_r+0x900>
    2988:	9c 80 00 01 	l.addi r4,r0,0x1
    298c:	e0 8b c0 02 	l.sub r4,r11,r24
    2990:	e0 84 b0 00 	l.add r4,r4,r22
    2994:	a8 84 00 01 	l.ori r4,r4,0x1
    2998:	84 7a 00 00 	l.lwz r3,0x0(r26)
    299c:	d4 18 20 04 	l.sw 0x4(r24),r4
    29a0:	e0 76 18 00 	l.add r3,r22,r3
    29a4:	18 80 00 00 	l.movhi r4,0x0
    29a8:	d4 12 c0 08 	l.sw 0x8(r18),r24
    29ac:	a8 84 64 38 	l.ori r4,r4,0x6438
    29b0:	e4 02 20 00 	l.sfeq r2,r4
    29b4:	10 00 00 11 	l.bf 29f8 <_malloc_r+0x5e4>
    29b8:	d4 1a 18 00 	l.sw 0x0(r26),r3
    29bc:	bc 54 00 0f 	l.sfgtui r20,0xf
    29c0:	0c 00 00 99 	l.bnf 2c24 <_malloc_r+0x810>
    29c4:	9c a0 ff f8 	l.addi r5,r0,0xfffffff8
    29c8:	9c 94 ff f4 	l.addi r4,r20,0xfffffff4
    29cc:	9c c0 00 05 	l.addi r6,r0,0x5
    29d0:	e0 84 28 03 	l.and r4,r4,r5
    29d4:	e0 a2 20 00 	l.add r5,r2,r4
    29d8:	bc a4 00 0f 	l.sfleui r4,0xf
    29dc:	d4 05 30 04 	l.sw 0x4(r5),r6
    29e0:	d4 05 30 08 	l.sw 0x8(r5),r6
    29e4:	84 a2 00 04 	l.lwz r5,0x4(r2)
    29e8:	a4 a5 00 01 	l.andi r5,r5,0x1
    29ec:	e0 84 28 04 	l.or r4,r4,r5
    29f0:	0c 00 00 c2 	l.bnf 2cf8 <_malloc_r+0x8e4>
    29f4:	d4 02 20 04 	l.sw 0x4(r2),r4
    29f8:	18 40 00 00 	l.movhi r2,0x0
    29fc:	a8 42 69 e4 	l.ori r2,r2,0x69e4
    2a00:	84 82 00 00 	l.lwz r4,0x0(r2)
    2a04:	e4 a3 20 00 	l.sfleu r3,r4
    2a08:	10 00 00 03 	l.bf 2a14 <_malloc_r+0x600>
    2a0c:	18 80 00 00 	l.movhi r4,0x0
    2a10:	d4 02 18 00 	l.sw 0x0(r2),r3
    2a14:	a8 84 69 e8 	l.ori r4,r4,0x69e8
    2a18:	84 44 00 00 	l.lwz r2,0x0(r4)
    2a1c:	e4 43 10 00 	l.sfgtu r3,r2
    2a20:	0c 00 00 65 	l.bnf 2bb4 <_malloc_r+0x7a0>
    2a24:	15 00 00 00 	l.nop 0x0
    2a28:	d4 04 18 00 	l.sw 0x0(r4),r3
    2a2c:	84 52 00 08 	l.lwz r2,0x8(r18)
    2a30:	9c 60 ff fc 	l.addi r3,r0,0xfffffffc
    2a34:	84 82 00 04 	l.lwz r4,0x4(r2)
    2a38:	e0 84 18 03 	l.and r4,r4,r3
    2a3c:	e0 64 70 02 	l.sub r3,r4,r14
    2a40:	bd a3 00 0f 	l.sflesi r3,0xf
    2a44:	10 00 00 03 	l.bf 2a50 <_malloc_r+0x63c>
    2a48:	9c a0 00 01 	l.addi r5,r0,0x1
    2a4c:	9c a0 00 00 	l.addi r5,r0,0x0
    2a50:	a4 a5 00 ff 	l.andi r5,r5,0xff
    2a54:	bc 25 00 00 	l.sfnei r5,0x0
    2a58:	10 00 00 09 	l.bf 2a7c <_malloc_r+0x668>
    2a5c:	e4 4e 20 00 	l.sfgtu r14,r4
    2a60:	10 00 00 03 	l.bf 2a6c <_malloc_r+0x658>
    2a64:	9c c0 00 01 	l.addi r6,r0,0x1
    2a68:	a8 c5 00 00 	l.ori r6,r5,0x0
    2a6c:	a4 c6 00 ff 	l.andi r6,r6,0xff
    2a70:	bc 06 00 00 	l.sfeqi r6,0x0
    2a74:	13 ff ff 72 	l.bf 283c <_malloc_r+0x428>
    2a78:	a8 8e 00 01 	l.ori r4,r14,0x1
    2a7c:	04 00 00 b8 	l.jal 2d5c <__malloc_unlock>
    2a80:	a8 70 00 00 	l.ori r3,r16,0x0
    2a84:	03 ff fe 9b 	l.j 24f0 <_malloc_r+0xdc>
    2a88:	9d 60 00 00 	l.addi r11,r0,0x0
    2a8c:	0c 00 00 3d 	l.bnf 2b80 <_malloc_r+0x76c>
    2a90:	bc 47 00 54 	l.sfgtui r7,0x54
    2a94:	10 00 00 4d 	l.bf 2bc8 <_malloc_r+0x7b4>
    2a98:	bc 47 01 54 	l.sfgtui r7,0x154
    2a9c:	b8 ee 00 4c 	l.srli r7,r14,0xc
    2aa0:	9c e7 00 6e 	l.addi r7,r7,0x6e
    2aa4:	03 ff fe aa 	l.j 254c <_malloc_r+0x138>
    2aa8:	b8 67 00 03 	l.slli r3,r7,0x3
    2aac:	e0 82 70 00 	l.add r4,r2,r14
    2ab0:	a9 ce 00 01 	l.ori r14,r14,0x1
    2ab4:	a8 e3 00 01 	l.ori r7,r3,0x1
    2ab8:	e0 a4 18 00 	l.add r5,r4,r3
    2abc:	d4 02 70 04 	l.sw 0x4(r2),r14
    2ac0:	d4 06 20 0c 	l.sw 0xc(r6),r4
    2ac4:	d4 06 20 08 	l.sw 0x8(r6),r4
    2ac8:	d4 05 18 00 	l.sw 0x0(r5),r3
    2acc:	d4 04 30 0c 	l.sw 0xc(r4),r6
    2ad0:	d4 04 30 08 	l.sw 0x8(r4),r6
    2ad4:	d4 04 38 04 	l.sw 0x4(r4),r7
    2ad8:	04 00 00 a1 	l.jal 2d5c <__malloc_unlock>
    2adc:	a8 70 00 00 	l.ori r3,r16,0x0
    2ae0:	03 ff fe 84 	l.j 24f0 <_malloc_r+0xdc>
    2ae4:	9d 62 00 08 	l.addi r11,r2,0x8
    2ae8:	9c 62 00 08 	l.addi r3,r2,0x8
    2aec:	84 43 00 0c 	l.lwz r2,0xc(r3)
    2af0:	e4 03 10 00 	l.sfeq r3,r2
    2af4:	0f ff fe 71 	l.bnf 24b8 <_malloc_r+0xa4>
    2af8:	9c e7 00 02 	l.addi r7,r7,0x2
    2afc:	03 ff fe b4 	l.j 25cc <_malloc_r+0x1b8>
    2b00:	18 c0 00 00 	l.movhi r6,0x0
    2b04:	e0 62 70 00 	l.add r3,r2,r14
    2b08:	84 a2 00 0c 	l.lwz r5,0xc(r2)
    2b0c:	84 e2 00 08 	l.lwz r7,0x8(r2)
    2b10:	a9 ce 00 01 	l.ori r14,r14,0x1
    2b14:	d4 07 28 0c 	l.sw 0xc(r7),r5
    2b18:	d4 05 38 08 	l.sw 0x8(r5),r7
    2b1c:	e0 a3 20 00 	l.add r5,r3,r4
    2b20:	a8 e4 00 01 	l.ori r7,r4,0x1
    2b24:	d4 06 18 0c 	l.sw 0xc(r6),r3
    2b28:	d4 06 18 08 	l.sw 0x8(r6),r3
    2b2c:	d4 02 70 04 	l.sw 0x4(r2),r14
    2b30:	d4 03 30 0c 	l.sw 0xc(r3),r6
    2b34:	d4 03 30 08 	l.sw 0x8(r3),r6
    2b38:	d4 03 38 04 	l.sw 0x4(r3),r7
    2b3c:	d4 05 20 00 	l.sw 0x0(r5),r4
    2b40:	04 00 00 87 	l.jal 2d5c <__malloc_unlock>
    2b44:	a8 70 00 00 	l.ori r3,r16,0x0
    2b48:	03 ff fe 6a 	l.j 24f0 <_malloc_r+0xdc>
    2b4c:	9d 62 00 08 	l.addi r11,r2,0x8
    2b50:	e0 a2 28 00 	l.add r5,r2,r5
    2b54:	84 62 00 0c 	l.lwz r3,0xc(r2)
    2b58:	84 c5 00 04 	l.lwz r6,0x4(r5)
    2b5c:	84 82 00 08 	l.lwz r4,0x8(r2)
    2b60:	a8 c6 00 01 	l.ori r6,r6,0x1
    2b64:	d4 04 18 0c 	l.sw 0xc(r4),r3
    2b68:	d4 03 20 08 	l.sw 0x8(r3),r4
    2b6c:	d4 05 30 04 	l.sw 0x4(r5),r6
    2b70:	04 00 00 7b 	l.jal 2d5c <__malloc_unlock>
    2b74:	a8 70 00 00 	l.ori r3,r16,0x0
    2b78:	03 ff fe 5e 	l.j 24f0 <_malloc_r+0xdc>
    2b7c:	9d 62 00 08 	l.addi r11,r2,0x8
    2b80:	9c e7 00 5b 	l.addi r7,r7,0x5b
    2b84:	03 ff fe 72 	l.j 254c <_malloc_r+0x138>
    2b88:	b8 67 00 03 	l.slli r3,r7,0x3
    2b8c:	10 00 00 21 	l.bf 2c10 <_malloc_r+0x7fc>
    2b90:	bc 43 00 54 	l.sfgtui r3,0x54
    2b94:	03 ff fe f7 	l.j 2770 <_malloc_r+0x35c>
    2b98:	9d 03 00 5b 	l.addi r8,r3,0x5b
    2b9c:	03 ff ff 24 	l.j 282c <_malloc_r+0x418>
    2ba0:	a8 a4 00 00 	l.ori r5,r4,0x0
    2ba4:	a8 a5 64 38 	l.ori r5,r5,0x6438
    2ba8:	e4 02 28 00 	l.sfeq r2,r5
    2bac:	13 ff ff 5a 	l.bf 2914 <_malloc_r+0x500>
    2bb0:	15 00 00 00 	l.nop 0x0
    2bb4:	84 52 00 08 	l.lwz r2,0x8(r18)
    2bb8:	9d 60 ff fc 	l.addi r11,r0,0xfffffffc
    2bbc:	84 82 00 04 	l.lwz r4,0x4(r2)
    2bc0:	03 ff ff 9f 	l.j 2a3c <_malloc_r+0x628>
    2bc4:	e0 84 58 03 	l.and r4,r4,r11
    2bc8:	10 00 00 0c 	l.bf 2bf8 <_malloc_r+0x7e4>
    2bcc:	bc 47 05 54 	l.sfgtui r7,0x554
    2bd0:	b8 ee 00 4f 	l.srli r7,r14,0xf
    2bd4:	9c e7 00 77 	l.addi r7,r7,0x77
    2bd8:	03 ff fe 5d 	l.j 254c <_malloc_r+0x138>
    2bdc:	b8 67 00 03 	l.slli r3,r7,0x3
    2be0:	85 72 00 04 	l.lwz r11,0x4(r18)
    2be4:	e0 a4 40 08 	l.sll r5,r4,r8
    2be8:	a8 83 00 00 	l.ori r4,r3,0x0
    2bec:	e0 ab 28 04 	l.or r5,r11,r5
    2bf0:	03 ff fe f5 	l.j 27c4 <_malloc_r+0x3b0>
    2bf4:	d4 12 28 04 	l.sw 0x4(r18),r5
    2bf8:	10 00 00 2a 	l.bf 2ca0 <_malloc_r+0x88c>
    2bfc:	15 00 00 00 	l.nop 0x0
    2c00:	b8 ee 00 52 	l.srli r7,r14,0x12
    2c04:	9c e7 00 7c 	l.addi r7,r7,0x7c
    2c08:	03 ff fe 51 	l.j 254c <_malloc_r+0x138>
    2c0c:	b8 67 00 03 	l.slli r3,r7,0x3
    2c10:	10 00 00 2c 	l.bf 2cc0 <_malloc_r+0x8ac>
    2c14:	bc 43 01 54 	l.sfgtui r3,0x154
    2c18:	b9 04 00 4c 	l.srli r8,r4,0xc
    2c1c:	03 ff fe d5 	l.j 2770 <_malloc_r+0x35c>
    2c20:	9d 08 00 6e 	l.addi r8,r8,0x6e
    2c24:	9c 60 00 01 	l.addi r3,r0,0x1
    2c28:	a8 58 00 00 	l.ori r2,r24,0x0
    2c2c:	d4 18 18 04 	l.sw 0x4(r24),r3
    2c30:	03 ff ff 83 	l.j 2a3c <_malloc_r+0x628>
    2c34:	9c 80 00 00 	l.addi r4,r0,0x0
    2c38:	a8 4c 00 00 	l.ori r2,r12,0x0
    2c3c:	a4 a7 00 03 	l.andi r5,r7,0x3
    2c40:	bc 25 00 00 	l.sfnei r5,0x0
    2c44:	0c 00 00 3f 	l.bnf 2d40 <_malloc_r+0x92c>
    2c48:	9c 82 ff f8 	l.addi r4,r2,0xfffffff8
    2c4c:	84 42 00 00 	l.lwz r2,0x0(r2)
    2c50:	e4 22 20 00 	l.sfne r2,r4
    2c54:	0f ff ff fa 	l.bnf 2c3c <_malloc_r+0x828>
    2c58:	9c e7 ff ff 	l.addi r7,r7,0xffffffff
    2c5c:	e0 63 18 00 	l.add r3,r3,r3
    2c60:	84 52 00 04 	l.lwz r2,0x4(r18)
    2c64:	e4 43 10 00 	l.sfgtu r3,r2
    2c68:	13 ff fe e2 	l.bf 27f0 <_malloc_r+0x3dc>
    2c6c:	bc 03 00 00 	l.sfeqi r3,0x0
    2c70:	13 ff fe e0 	l.bf 27f0 <_malloc_r+0x3dc>
    2c74:	e0 83 10 03 	l.and r4,r3,r2
    2c78:	bc 24 00 00 	l.sfnei r4,0x0
    2c7c:	13 ff fe 89 	l.bf 26a0 <_malloc_r+0x28c>
    2c80:	a8 eb 00 00 	l.ori r7,r11,0x0
    2c84:	e0 63 18 00 	l.add r3,r3,r3
    2c88:	e0 83 10 03 	l.and r4,r3,r2
    2c8c:	bc 04 00 00 	l.sfeqi r4,0x0
    2c90:	13 ff ff fd 	l.bf 2c84 <_malloc_r+0x870>
    2c94:	9d 6b 00 04 	l.addi r11,r11,0x4
    2c98:	03 ff fe 82 	l.j 26a0 <_malloc_r+0x28c>
    2c9c:	a8 eb 00 00 	l.ori r7,r11,0x0
    2ca0:	9c 60 03 f0 	l.addi r3,r0,0x3f0
    2ca4:	03 ff fe 2a 	l.j 254c <_malloc_r+0x138>
    2ca8:	9c e0 00 7e 	l.addi r7,r0,0x7e
    2cac:	84 52 00 08 	l.lwz r2,0x8(r18)
    2cb0:	9c 60 ff fc 	l.addi r3,r0,0xfffffffc
    2cb4:	84 82 00 04 	l.lwz r4,0x4(r2)
    2cb8:	03 ff ff 61 	l.j 2a3c <_malloc_r+0x628>
    2cbc:	e0 84 18 03 	l.and r4,r4,r3
    2cc0:	10 00 00 1b 	l.bf 2d2c <_malloc_r+0x918>
    2cc4:	bc 43 05 54 	l.sfgtui r3,0x554
    2cc8:	b9 04 00 4f 	l.srli r8,r4,0xf
    2ccc:	03 ff fe a9 	l.j 2770 <_malloc_r+0x35c>
    2cd0:	9d 08 00 77 	l.addi r8,r8,0x77
    2cd4:	a4 a4 0f ff 	l.andi r5,r4,0xfff
    2cd8:	bc 25 00 00 	l.sfnei r5,0x0
    2cdc:	13 ff ff 15 	l.bf 2930 <_malloc_r+0x51c>
    2ce0:	15 00 00 00 	l.nop 0x0
    2ce4:	e0 56 a0 00 	l.add r2,r22,r20
    2ce8:	84 92 00 08 	l.lwz r4,0x8(r18)
    2cec:	a8 42 00 01 	l.ori r2,r2,0x1
    2cf0:	03 ff ff 42 	l.j 29f8 <_malloc_r+0x5e4>
    2cf4:	d4 04 10 04 	l.sw 0x4(r4),r2
    2cf8:	9c 82 00 08 	l.addi r4,r2,0x8
    2cfc:	18 40 00 00 	l.movhi r2,0x0
    2d00:	a8 70 00 00 	l.ori r3,r16,0x0
    2d04:	04 00 02 7b 	l.jal 36f0 <_free_r>
    2d08:	a8 42 69 ec 	l.ori r2,r2,0x69ec
    2d0c:	03 ff ff 3b 	l.j 29f8 <_malloc_r+0x5e4>
    2d10:	84 62 00 00 	l.lwz r3,0x0(r2)
    2d14:	03 ff ff 21 	l.j 2998 <_malloc_r+0x584>
    2d18:	9e c0 00 00 	l.addi r22,r0,0x0
    2d1c:	18 60 00 00 	l.movhi r3,0x0
    2d20:	a8 63 68 44 	l.ori r3,r3,0x6844
    2d24:	03 ff ff 09 	l.j 2948 <_malloc_r+0x534>
    2d28:	d4 03 58 00 	l.sw 0x0(r3),r11
    2d2c:	13 ff fe 91 	l.bf 2770 <_malloc_r+0x35c>
    2d30:	9d 00 00 7e 	l.addi r8,r0,0x7e
    2d34:	b9 04 00 52 	l.srli r8,r4,0x12
    2d38:	03 ff fe 8e 	l.j 2770 <_malloc_r+0x35c>
    2d3c:	9d 08 00 7c 	l.addi r8,r8,0x7c
    2d40:	84 92 00 04 	l.lwz r4,0x4(r18)
    2d44:	ac 43 ff ff 	l.xori r2,r3,0xffffffff
    2d48:	e0 44 10 03 	l.and r2,r4,r2
    2d4c:	03 ff ff c4 	l.j 2c5c <_malloc_r+0x848>
    2d50:	d4 12 10 04 	l.sw 0x4(r18),r2

00002d54 <__malloc_lock>:
    2d54:	44 00 48 00 	l.jr r9
    2d58:	15 00 00 00 	l.nop 0x0

00002d5c <__malloc_unlock>:
    2d5c:	44 00 48 00 	l.jr r9
    2d60:	15 00 00 00 	l.nop 0x0

00002d64 <or1k_dmmu_enable>:
    2d64:	b4 60 00 11 	l.mfspr r3,r0,0x11
    2d68:	a8 63 00 20 	l.ori r3,r3,0x20
    2d6c:	c0 00 18 40 	l.mtspr r0,r3,0x40
    2d70:	c0 00 48 20 	l.mtspr r0,r9,0x20
    2d74:	24 00 00 00 	l.rfe 
    2d78:	15 00 00 00 	l.nop 0x0

00002d7c <or1k_dmmu_disable>:
    2d7c:	a8 60 00 20 	l.ori r3,r0,0x20
    2d80:	ac 83 ff ff 	l.xori r4,r3,0xffffffff
    2d84:	b4 60 00 11 	l.mfspr r3,r0,0x11
    2d88:	e0 64 18 03 	l.and r3,r4,r3
    2d8c:	c0 00 18 40 	l.mtspr r0,r3,0x40
    2d90:	c0 00 48 20 	l.mtspr r0,r9,0x20
    2d94:	24 00 00 00 	l.rfe 
    2d98:	15 00 00 00 	l.nop 0x0

00002d9c <or1k_immu_enable>:
    2d9c:	b4 60 00 11 	l.mfspr r3,r0,0x11
    2da0:	a8 63 00 40 	l.ori r3,r3,0x40
    2da4:	c0 00 18 40 	l.mtspr r0,r3,0x40
    2da8:	c0 00 48 20 	l.mtspr r0,r9,0x20
    2dac:	24 00 00 00 	l.rfe 
    2db0:	15 00 00 00 	l.nop 0x0

00002db4 <or1k_immu_disable>:
    2db4:	a8 60 00 40 	l.ori r3,r0,0x40
    2db8:	ac 83 ff ff 	l.xori r4,r3,0xffffffff
    2dbc:	b4 60 00 11 	l.mfspr r3,r0,0x11
    2dc0:	e0 64 18 03 	l.and r3,r4,r3
    2dc4:	c0 00 18 40 	l.mtspr r0,r3,0x40
    2dc8:	c0 00 48 20 	l.mtspr r0,r9,0x20
    2dcc:	24 00 00 00 	l.rfe 
    2dd0:	15 00 00 00 	l.nop 0x0

00002dd4 <or1k_cache_init>:
    2dd4:	b4 60 00 01 	l.mfspr r3,r0,0x1
    2dd8:	a4 83 00 04 	l.andi r4,r3,0x4
    2ddc:	e4 04 00 00 	l.sfeq r4,r0
    2de0:	10 00 00 21 	l.bf 2e64 <or1k_cache_init+0x90>
    2de4:	15 00 00 00 	l.nop 0x0
    2de8:	b4 c0 00 11 	l.mfspr r6,r0,0x11
    2dec:	9c a0 ff ff 	l.addi r5,r0,0xffffffff
    2df0:	ac a5 00 10 	l.xori r5,r5,0x10
    2df4:	e0 a6 28 03 	l.and r5,r6,r5
    2df8:	c0 00 28 11 	l.mtspr r0,r5,0x11
    2dfc:	b4 60 00 06 	l.mfspr r3,r0,0x6
    2e00:	a4 83 00 80 	l.andi r4,r3,0x80
    2e04:	b8 e4 00 47 	l.srli r7,r4,0x7
    2e08:	a9 00 00 10 	l.ori r8,r0,0x10
    2e0c:	e1 c8 38 08 	l.sll r14,r8,r7
    2e10:	a4 83 00 78 	l.andi r4,r3,0x78
    2e14:	b8 e4 00 43 	l.srli r7,r4,0x3
    2e18:	a9 00 00 01 	l.ori r8,r0,0x1
    2e1c:	e1 a8 38 08 	l.sll r13,r8,r7
    2e20:	9c c0 00 00 	l.addi r6,r0,0x0
    2e24:	e0 ae 38 08 	l.sll r5,r14,r7
    2e28:	c0 80 30 02 	l.mtspr r0,r6,0x2002
    2e2c:	e4 26 28 00 	l.sfne r6,r5
    2e30:	13 ff ff fe 	l.bf 2e28 <or1k_cache_init+0x54>
    2e34:	e0 c6 70 00 	l.add r6,r6,r14
    2e38:	b4 c0 00 11 	l.mfspr r6,r0,0x11
    2e3c:	a8 c6 00 10 	l.ori r6,r6,0x10
    2e40:	c0 00 30 11 	l.mtspr r0,r6,0x11
    2e44:	15 00 00 00 	l.nop 0x0
    2e48:	15 00 00 00 	l.nop 0x0
    2e4c:	15 00 00 00 	l.nop 0x0
    2e50:	15 00 00 00 	l.nop 0x0
    2e54:	15 00 00 00 	l.nop 0x0
    2e58:	15 00 00 00 	l.nop 0x0
    2e5c:	15 00 00 00 	l.nop 0x0
    2e60:	15 00 00 00 	l.nop 0x0
    2e64:	b4 60 00 01 	l.mfspr r3,r0,0x1
    2e68:	a4 83 00 02 	l.andi r4,r3,0x2
    2e6c:	e4 04 00 00 	l.sfeq r4,r0
    2e70:	10 00 00 19 	l.bf 2ed4 <or1k_cache_init+0x100>
    2e74:	15 00 00 00 	l.nop 0x0
    2e78:	b4 c0 00 11 	l.mfspr r6,r0,0x11
    2e7c:	9c a0 ff ff 	l.addi r5,r0,0xffffffff
    2e80:	ac a5 00 08 	l.xori r5,r5,0x8
    2e84:	e0 a6 28 03 	l.and r5,r6,r5
    2e88:	c0 00 28 11 	l.mtspr r0,r5,0x11
    2e8c:	b4 60 00 05 	l.mfspr r3,r0,0x5
    2e90:	a4 83 00 80 	l.andi r4,r3,0x80
    2e94:	b8 e4 00 47 	l.srli r7,r4,0x7
    2e98:	a9 00 00 10 	l.ori r8,r0,0x10
    2e9c:	e1 c8 38 08 	l.sll r14,r8,r7
    2ea0:	a4 83 00 78 	l.andi r4,r3,0x78
    2ea4:	b8 e4 00 43 	l.srli r7,r4,0x3
    2ea8:	a9 00 00 01 	l.ori r8,r0,0x1
    2eac:	e1 a8 38 08 	l.sll r13,r8,r7
    2eb0:	9c c0 00 00 	l.addi r6,r0,0x0
    2eb4:	e0 ae 38 08 	l.sll r5,r14,r7
    2eb8:	c0 60 30 03 	l.mtspr r0,r6,0x1803
    2ebc:	e4 26 28 00 	l.sfne r6,r5
    2ec0:	13 ff ff fe 	l.bf 2eb8 <or1k_cache_init+0xe4>
    2ec4:	e0 c6 70 00 	l.add r6,r6,r14
    2ec8:	b4 c0 00 11 	l.mfspr r6,r0,0x11
    2ecc:	a8 c6 00 08 	l.ori r6,r6,0x8
    2ed0:	c0 00 30 11 	l.mtspr r0,r6,0x11
    2ed4:	44 00 48 00 	l.jr r9
    2ed8:	15 00 00 00 	l.nop 0x0

00002edc <or1k_icache_enable>:
    2edc:	b5 a0 00 11 	l.mfspr r13,r0,0x11
    2ee0:	a9 ad 00 10 	l.ori r13,r13,0x10
    2ee4:	c0 00 68 11 	l.mtspr r0,r13,0x11
    2ee8:	15 00 00 00 	l.nop 0x0
    2eec:	15 00 00 00 	l.nop 0x0
    2ef0:	15 00 00 00 	l.nop 0x0
    2ef4:	15 00 00 00 	l.nop 0x0
    2ef8:	15 00 00 00 	l.nop 0x0
    2efc:	44 00 48 00 	l.jr r9
    2f00:	15 00 00 00 	l.nop 0x0

00002f04 <or1k_icache_disble>:
    2f04:	b5 a0 00 11 	l.mfspr r13,r0,0x11
    2f08:	9d 80 ff ff 	l.addi r12,r0,0xffffffff
    2f0c:	ad 8c 00 10 	l.xori r12,r12,0x10
    2f10:	e1 8d 60 03 	l.and r12,r13,r12
    2f14:	c0 00 60 11 	l.mtspr r0,r12,0x11
    2f18:	44 00 48 00 	l.jr r9
    2f1c:	15 00 00 00 	l.nop 0x0

00002f20 <or1k_icache_flush>:
    2f20:	44 00 48 00 	l.jr r9
    2f24:	c0 80 18 02 	l.mtspr r0,r3,0x2002

00002f28 <or1k_dcache_enable>:
    2f28:	b5 a0 00 11 	l.mfspr r13,r0,0x11
    2f2c:	a9 ad 00 08 	l.ori r13,r13,0x8
    2f30:	c0 00 68 11 	l.mtspr r0,r13,0x11
    2f34:	15 00 00 00 	l.nop 0x0
    2f38:	15 00 00 00 	l.nop 0x0
    2f3c:	15 00 00 00 	l.nop 0x0
    2f40:	15 00 00 00 	l.nop 0x0
    2f44:	15 00 00 00 	l.nop 0x0
    2f48:	44 00 48 00 	l.jr r9
    2f4c:	15 00 00 00 	l.nop 0x0

00002f50 <or1k_dcache_disble>:
    2f50:	b5 a0 00 11 	l.mfspr r13,r0,0x11
    2f54:	9d 80 ff ff 	l.addi r12,r0,0xffffffff
    2f58:	ad 8c 00 08 	l.xori r12,r12,0x8
    2f5c:	e1 8d 60 03 	l.and r12,r13,r12
    2f60:	c0 00 60 11 	l.mtspr r0,r12,0x11
    2f64:	44 00 48 00 	l.jr r9
    2f68:	15 00 00 00 	l.nop 0x0

00002f6c <or1k_dcache_flush>:
    2f6c:	44 00 48 00 	l.jr r9
    2f70:	c0 60 18 03 	l.mtspr r0,r3,0x1803

00002f74 <or1k_interrupt_handler>:
    2f74:	9c 21 ff f4 	l.addi r1,r1,0xfffffff4
    2f78:	d4 01 48 00 	l.sw 0x0(r1),r9
    2f7c:	b4 60 48 02 	l.mfspr r3,r0,0x4802
    2f80:	18 e0 00 00 	l.movhi r7,0x0
    2f84:	a8 e7 68 48 	l.ori r7,r7,0x6848
    2f88:	19 00 ff ff 	l.movhi r8,0xffff
    2f8c:	a9 08 ff ff 	l.ori r8,r8,0xffff
    2f90:	19 80 00 00 	l.movhi r12,0x0
    2f94:	a9 8c 68 c8 	l.ori r12,r12,0x68c8
    2f98:	e0 83 00 0f 	l.ff1 r4,r3
    2f9c:	e4 24 00 00 	l.sfne r4,r0
    2fa0:	0c 00 00 14 	l.bnf 2ff0 <or1k_interrupt_handler+0x7c>
    2fa4:	15 00 00 00 	l.nop 0x0
    2fa8:	9c a4 ff ff 	l.addi r5,r4,0xffffffff
    2fac:	b8 c5 00 02 	l.slli r6,r5,0x2
    2fb0:	e0 c6 38 00 	l.add r6,r6,r7
    2fb4:	e1 a6 60 00 	l.add r13,r6,r12
    2fb8:	84 c6 00 00 	l.lwz r6,0x0(r6)
    2fbc:	e4 26 40 00 	l.sfne r6,r8
    2fc0:	0c 00 00 08 	l.bnf 2fe0 <or1k_interrupt_handler+0x6c>
    2fc4:	15 00 00 00 	l.nop 0x0
    2fc8:	d4 01 18 04 	l.sw 0x4(r1),r3
    2fcc:	84 6d 00 00 	l.lwz r3,0x0(r13)
    2fd0:	48 00 28 00 	l.jalr r5
    2fd4:	d4 01 28 08 	l.sw 0x8(r1),r5
    2fd8:	84 61 00 04 	l.lwz r3,0x4(r1)
    2fdc:	84 a1 00 08 	l.lwz r5,0x8(r1)
    2fe0:	a8 c0 00 01 	l.ori r6,r0,0x1
    2fe4:	e0 c6 28 08 	l.sll r6,r6,r5
    2fe8:	03 ff ff ec 	l.j 2f98 <or1k_interrupt_handler+0x24>
    2fec:	e0 63 30 05 	l.xor r3,r3,r6
    2ff0:	85 21 00 00 	l.lwz r9,0x0(r1)
    2ff4:	c1 20 18 02 	l.mtspr r0,r3,0x4802
    2ff8:	44 00 48 00 	l.jr r9
    2ffc:	9c 21 00 0c 	l.addi r1,r1,0xc

00003000 <or1k_interrupt_handler_add>:
    3000:	9c 21 ff fc 	l.addi r1,r1,0xfffffffc
    3004:	d4 01 30 00 	l.sw 0x0(r1),r6
    3008:	b8 63 00 02 	l.slli r3,r3,0x2
    300c:	9c 63 ff fc 	l.addi r3,r3,0xfffffffc
    3010:	18 c0 00 00 	l.movhi r6,0x0
    3014:	a8 c6 68 48 	l.ori r6,r6,0x6848
    3018:	e0 c6 18 00 	l.add r6,r6,r3
    301c:	d4 06 20 00 	l.sw 0x0(r6),r4
    3020:	18 c0 00 00 	l.movhi r6,0x0
    3024:	a8 c6 68 c8 	l.ori r6,r6,0x68c8
    3028:	e0 c6 18 00 	l.add r6,r6,r3
    302c:	d4 06 28 00 	l.sw 0x0(r6),r5
    3030:	84 c1 00 00 	l.lwz r6,0x0(r1)
    3034:	44 00 48 00 	l.jr r9
    3038:	9c 21 00 04 	l.addi r1,r1,0x4

0000303c <or1k_interrupt_enable>:
    303c:	9c 21 ff fc 	l.addi r1,r1,0xfffffffc
    3040:	d4 01 20 00 	l.sw 0x0(r1),r4
    3044:	a8 80 00 01 	l.ori r4,r0,0x1
    3048:	e0 84 18 08 	l.sll r4,r4,r3
    304c:	b4 60 48 00 	l.mfspr r3,r0,0x4800
    3050:	e0 63 20 04 	l.or r3,r3,r4
    3054:	c1 20 18 00 	l.mtspr r0,r3,0x4800
    3058:	84 81 00 00 	l.lwz r4,0x0(r1)
    305c:	44 00 48 00 	l.jr r9
    3060:	9c 21 00 04 	l.addi r1,r1,0x4

00003064 <or1k_interrupt_disable>:
    3064:	9c 21 ff fc 	l.addi r1,r1,0xfffffffc
    3068:	d4 01 20 00 	l.sw 0x0(r1),r4
    306c:	a8 80 00 01 	l.ori r4,r0,0x1
    3070:	e0 84 18 08 	l.sll r4,r4,r3
    3074:	ac 84 ff ff 	l.xori r4,r4,0xffffffff
    3078:	b4 60 48 00 	l.mfspr r3,r0,0x4800
    307c:	e0 63 20 03 	l.and r3,r3,r4
    3080:	c1 20 18 00 	l.mtspr r0,r3,0x4800
    3084:	84 81 00 00 	l.lwz r4,0x0(r1)
    3088:	44 00 48 00 	l.jr r9
    308c:	9c 21 00 04 	l.addi r1,r1,0x4

00003090 <or1k_exception_handler>:
    3090:	d4 01 10 00 	l.sw 0x0(r1),r2
    3094:	d4 01 28 0c 	l.sw 0xc(r1),r5
    3098:	d4 01 30 10 	l.sw 0x10(r1),r6
    309c:	d4 01 38 14 	l.sw 0x14(r1),r7
    30a0:	d4 01 40 18 	l.sw 0x18(r1),r8
    30a4:	d4 01 48 1c 	l.sw 0x1c(r1),r9
    30a8:	d4 01 50 20 	l.sw 0x20(r1),r10
    30ac:	d4 01 58 24 	l.sw 0x24(r1),r11
    30b0:	d4 01 60 28 	l.sw 0x28(r1),r12
    30b4:	d4 01 68 2c 	l.sw 0x2c(r1),r13
    30b8:	d4 01 70 30 	l.sw 0x30(r1),r14
    30bc:	d4 01 78 34 	l.sw 0x34(r1),r15
    30c0:	d4 01 80 38 	l.sw 0x38(r1),r16
    30c4:	d4 01 88 3c 	l.sw 0x3c(r1),r17
    30c8:	d4 01 90 40 	l.sw 0x40(r1),r18
    30cc:	d4 01 98 44 	l.sw 0x44(r1),r19
    30d0:	d4 01 a0 48 	l.sw 0x48(r1),r20
    30d4:	d4 01 a8 4c 	l.sw 0x4c(r1),r21
    30d8:	d4 01 b0 50 	l.sw 0x50(r1),r22
    30dc:	d4 01 b8 54 	l.sw 0x54(r1),r23
    30e0:	d4 01 c0 58 	l.sw 0x58(r1),r24
    30e4:	d4 01 c8 5c 	l.sw 0x5c(r1),r25
    30e8:	d4 01 d0 60 	l.sw 0x60(r1),r26
    30ec:	d4 01 d8 64 	l.sw 0x64(r1),r27
    30f0:	d4 01 e0 68 	l.sw 0x68(r1),r28
    30f4:	d4 01 e8 6c 	l.sw 0x6c(r1),r29
    30f8:	d4 01 f0 70 	l.sw 0x70(r1),r30
    30fc:	d4 01 f8 74 	l.sw 0x74(r1),r31
    3100:	a5 a3 ff ff 	l.andi r13,r3,0xffff
    3104:	b9 ad 00 46 	l.srli r13,r13,0x6
    3108:	9d ad ff f8 	l.addi r13,r13,0xfffffff8
    310c:	19 c0 00 00 	l.movhi r14,0x0
    3110:	a9 ce 69 48 	l.ori r14,r14,0x6948
    3114:	e1 ce 68 00 	l.add r14,r14,r13
    3118:	85 ae 00 00 	l.lwz r13,0x0(r14)
    311c:	19 e0 ff ff 	l.movhi r15,0xffff
    3120:	a9 ef ff ff 	l.ori r15,r15,0xffff
    3124:	e4 2d 78 00 	l.sfne r13,r15
    3128:	0c 00 00 25 	l.bnf 31bc <exception_exit>
    312c:	15 00 00 00 	l.nop 0x0
    3130:	48 00 68 00 	l.jalr r13
    3134:	e0 64 20 04 	l.or r3,r4,r4
    3138:	84 41 00 00 	l.lwz r2,0x0(r1)
    313c:	84 61 00 04 	l.lwz r3,0x4(r1)
    3140:	84 81 00 08 	l.lwz r4,0x8(r1)
    3144:	84 a1 00 0c 	l.lwz r5,0xc(r1)
    3148:	84 c1 00 10 	l.lwz r6,0x10(r1)
    314c:	84 e1 00 14 	l.lwz r7,0x14(r1)
    3150:	85 01 00 18 	l.lwz r8,0x18(r1)
    3154:	85 21 00 1c 	l.lwz r9,0x1c(r1)
    3158:	85 41 00 20 	l.lwz r10,0x20(r1)
    315c:	85 61 00 24 	l.lwz r11,0x24(r1)
    3160:	85 81 00 28 	l.lwz r12,0x28(r1)
    3164:	85 a1 00 2c 	l.lwz r13,0x2c(r1)
    3168:	85 c1 00 30 	l.lwz r14,0x30(r1)
    316c:	85 e1 00 34 	l.lwz r15,0x34(r1)
    3170:	86 01 00 38 	l.lwz r16,0x38(r1)
    3174:	86 21 00 3c 	l.lwz r17,0x3c(r1)
    3178:	86 41 00 40 	l.lwz r18,0x40(r1)
    317c:	86 61 00 44 	l.lwz r19,0x44(r1)
    3180:	86 81 00 48 	l.lwz r20,0x48(r1)
    3184:	86 a1 00 4c 	l.lwz r21,0x4c(r1)
    3188:	86 c1 00 50 	l.lwz r22,0x50(r1)
    318c:	86 e1 00 54 	l.lwz r23,0x54(r1)
    3190:	87 01 00 58 	l.lwz r24,0x58(r1)
    3194:	87 21 00 5c 	l.lwz r25,0x5c(r1)
    3198:	87 41 00 60 	l.lwz r26,0x60(r1)
    319c:	87 61 00 64 	l.lwz r27,0x64(r1)
    31a0:	87 81 00 68 	l.lwz r28,0x68(r1)
    31a4:	87 a1 00 6c 	l.lwz r29,0x6c(r1)
    31a8:	87 c1 00 70 	l.lwz r30,0x70(r1)
    31ac:	87 e1 00 74 	l.lwz r31,0x74(r1)
    31b0:	9c 21 01 00 	l.addi r1,r1,0x100
    31b4:	24 00 00 00 	l.rfe 
    31b8:	15 00 00 00 	l.nop 0x0

000031bc <exception_exit>:
    31bc:	07 ff fc 71 	l.jal 2380 <exit>
    31c0:	e0 64 20 04 	l.or r3,r4,r4

000031c4 <or1k_exception_handler_add>:
    31c4:	9c 21 ff fc 	l.addi r1,r1,0xfffffffc
    31c8:	d4 01 28 00 	l.sw 0x0(r1),r5
    31cc:	b8 63 00 02 	l.slli r3,r3,0x2
    31d0:	9c 63 ff f8 	l.addi r3,r3,0xfffffff8
    31d4:	18 a0 00 00 	l.movhi r5,0x0
    31d8:	a8 a5 69 48 	l.ori r5,r5,0x6948
    31dc:	e0 a5 18 00 	l.add r5,r5,r3
    31e0:	d4 05 20 00 	l.sw 0x0(r5),r4
    31e4:	84 a1 00 00 	l.lwz r5,0x0(r1)
    31e8:	44 00 48 00 	l.jr r9
    31ec:	9c 21 00 04 	l.addi r1,r1,0x4

000031f0 <_sbrk_r>:
    31f0:	d7 e1 17 f4 	l.sw 0xfffffff4(r1),r2
    31f4:	18 40 00 00 	l.movhi r2,0x0
    31f8:	d7 e1 77 f8 	l.sw 0xfffffff8(r1),r14
    31fc:	a8 42 6a 14 	l.ori r2,r2,0x6a14
    3200:	a9 c3 00 00 	l.ori r14,r3,0x0
    3204:	a8 64 00 00 	l.ori r3,r4,0x0
    3208:	9c 80 00 00 	l.addi r4,r0,0x0
    320c:	d7 e1 4f fc 	l.sw 0xfffffffc(r1),r9
    3210:	d4 02 20 00 	l.sw 0x0(r2),r4
    3214:	04 00 02 a6 	l.jal 3cac <_sbrk>
    3218:	9c 21 ff f4 	l.addi r1,r1,0xfffffff4
    321c:	bc 2b ff ff 	l.sfnei r11,0xffffffff
    3220:	0c 00 00 07 	l.bnf 323c <_sbrk_r+0x4c>
    3224:	15 00 00 00 	l.nop 0x0
    3228:	9c 21 00 0c 	l.addi r1,r1,0xc
    322c:	85 21 ff fc 	l.lwz r9,0xfffffffc(r1)
    3230:	84 41 ff f4 	l.lwz r2,0xfffffff4(r1)
    3234:	44 00 48 00 	l.jr r9
    3238:	85 c1 ff f8 	l.lwz r14,0xfffffff8(r1)
    323c:	84 42 00 00 	l.lwz r2,0x0(r2)
    3240:	bc 02 00 00 	l.sfeqi r2,0x0
    3244:	13 ff ff f9 	l.bf 3228 <_sbrk_r+0x38>
    3248:	15 00 00 00 	l.nop 0x0
    324c:	d4 0e 10 00 	l.sw 0x0(r14),r2
    3250:	9c 21 00 0c 	l.addi r1,r1,0xc
    3254:	85 21 ff fc 	l.lwz r9,0xfffffffc(r1)
    3258:	84 41 ff f4 	l.lwz r2,0xfffffff4(r1)
    325c:	44 00 48 00 	l.jr r9
    3260:	85 c1 ff f8 	l.lwz r14,0xfffffff8(r1)

00003264 <__register_exitproc>:
    3264:	d7 e1 17 e4 	l.sw 0xffffffe4(r1),r2
    3268:	a8 43 00 00 	l.ori r2,r3,0x0
    326c:	18 60 00 00 	l.movhi r3,0x0
    3270:	d7 e1 b7 f8 	l.sw 0xfffffff8(r1),r22
    3274:	a8 63 3f e8 	l.ori r3,r3,0x3fe8
    3278:	d7 e1 87 ec 	l.sw 0xffffffec(r1),r16
    327c:	86 c3 00 00 	l.lwz r22,0x0(r3)
    3280:	d7 e1 97 f0 	l.sw 0xfffffff0(r1),r18
    3284:	d7 e1 a7 f4 	l.sw 0xfffffff4(r1),r20
    3288:	d7 e1 4f fc 	l.sw 0xfffffffc(r1),r9
    328c:	d7 e1 77 e8 	l.sw 0xffffffe8(r1),r14
    3290:	84 f6 01 48 	l.lwz r7,0x148(r22)
    3294:	9c 21 ff e4 	l.addi r1,r1,0xffffffe4
    3298:	aa 04 00 00 	l.ori r16,r4,0x0
    329c:	aa 85 00 00 	l.ori r20,r5,0x0
    32a0:	bc 27 00 00 	l.sfnei r7,0x0
    32a4:	0c 00 00 2c 	l.bnf 3354 <__register_exitproc+0xf0>
    32a8:	aa 46 00 00 	l.ori r18,r6,0x0
    32ac:	85 07 00 04 	l.lwz r8,0x4(r7)
    32b0:	bd a8 00 1f 	l.sflesi r8,0x1f
    32b4:	0c 00 00 2b 	l.bnf 3360 <__register_exitproc+0xfc>
    32b8:	18 60 00 00 	l.movhi r3,0x0
    32bc:	bc 02 00 00 	l.sfeqi r2,0x0
    32c0:	0c 00 00 13 	l.bnf 330c <__register_exitproc+0xa8>
    32c4:	9c 88 00 42 	l.addi r4,r8,0x42
    32c8:	9c 48 00 02 	l.addi r2,r8,0x2
    32cc:	9d 08 00 01 	l.addi r8,r8,0x1
    32d0:	b8 42 00 02 	l.slli r2,r2,0x2
    32d4:	d4 07 40 04 	l.sw 0x4(r7),r8
    32d8:	9d c0 00 00 	l.addi r14,r0,0x0
    32dc:	e0 e7 10 00 	l.add r7,r7,r2
    32e0:	d4 07 80 00 	l.sw 0x0(r7),r16
    32e4:	9c 21 00 1c 	l.addi r1,r1,0x1c
    32e8:	a9 6e 00 00 	l.ori r11,r14,0x0
    32ec:	85 21 ff fc 	l.lwz r9,0xfffffffc(r1)
    32f0:	84 41 ff e4 	l.lwz r2,0xffffffe4(r1)
    32f4:	85 c1 ff e8 	l.lwz r14,0xffffffe8(r1)
    32f8:	86 01 ff ec 	l.lwz r16,0xffffffec(r1)
    32fc:	86 41 ff f0 	l.lwz r18,0xfffffff0(r1)
    3300:	86 81 ff f4 	l.lwz r20,0xfffffff4(r1)
    3304:	44 00 48 00 	l.jr r9
    3308:	86 c1 ff f8 	l.lwz r22,0xfffffff8(r1)
    330c:	9c c8 00 22 	l.addi r6,r8,0x22
    3310:	9c 60 00 01 	l.addi r3,r0,0x1
    3314:	b8 c6 00 02 	l.slli r6,r6,0x2
    3318:	e0 63 40 08 	l.sll r3,r3,r8
    331c:	b8 84 00 02 	l.slli r4,r4,0x2
    3320:	84 a7 01 88 	l.lwz r5,0x188(r7)
    3324:	e0 c7 30 00 	l.add r6,r7,r6
    3328:	e0 a5 18 04 	l.or r5,r5,r3
    332c:	e0 87 20 00 	l.add r4,r7,r4
    3330:	d4 06 a0 00 	l.sw 0x0(r6),r20
    3334:	d4 07 29 88 	l.sw 0x188(r7),r5
    3338:	bc 22 00 02 	l.sfnei r2,0x2
    333c:	13 ff ff e3 	l.bf 32c8 <__register_exitproc+0x64>
    3340:	d4 04 90 00 	l.sw 0x0(r4),r18
    3344:	84 47 01 8c 	l.lwz r2,0x18c(r7)
    3348:	e0 62 18 04 	l.or r3,r2,r3
    334c:	03 ff ff df 	l.j 32c8 <__register_exitproc+0x64>
    3350:	d4 07 19 8c 	l.sw 0x18c(r7),r3
    3354:	9c f6 01 4c 	l.addi r7,r22,0x14c
    3358:	03 ff ff d5 	l.j 32ac <__register_exitproc+0x48>
    335c:	d4 16 39 48 	l.sw 0x148(r22),r7
    3360:	a8 63 23 c4 	l.ori r3,r3,0x23c4
    3364:	bc 03 00 00 	l.sfeqi r3,0x0
    3368:	13 ff ff df 	l.bf 32e4 <__register_exitproc+0x80>
    336c:	9d c0 ff ff 	l.addi r14,r0,0xffffffff
    3370:	07 ff fc 15 	l.jal 23c4 <malloc>
    3374:	9c 60 01 90 	l.addi r3,r0,0x190
    3378:	bc 0b 00 00 	l.sfeqi r11,0x0
    337c:	13 ff ff da 	l.bf 32e4 <__register_exitproc+0x80>
    3380:	a8 eb 00 00 	l.ori r7,r11,0x0
    3384:	84 76 01 48 	l.lwz r3,0x148(r22)
    3388:	9c 80 00 00 	l.addi r4,r0,0x0
    338c:	d4 0b 18 00 	l.sw 0x0(r11),r3
    3390:	d4 0b 20 04 	l.sw 0x4(r11),r4
    3394:	d4 16 59 48 	l.sw 0x148(r22),r11
    3398:	d4 0b 21 88 	l.sw 0x188(r11),r4
    339c:	d4 0b 21 8c 	l.sw 0x18c(r11),r4
    33a0:	03 ff ff c7 	l.j 32bc <__register_exitproc+0x58>
    33a4:	a9 04 00 00 	l.ori r8,r4,0x0

000033a8 <__call_exitprocs>:
    33a8:	d7 e1 17 d4 	l.sw 0xffffffd4(r1),r2
    33ac:	18 40 00 00 	l.movhi r2,0x0
    33b0:	d7 e1 f7 f8 	l.sw 0xfffffff8(r1),r30
    33b4:	a8 42 3f e8 	l.ori r2,r2,0x3fe8
    33b8:	d7 e1 a7 e4 	l.sw 0xffffffe4(r1),r20
    33bc:	87 c2 00 00 	l.lwz r30,0x0(r2)
    33c0:	d7 e1 d7 f0 	l.sw 0xfffffff0(r1),r26
    33c4:	d7 e1 e7 f4 	l.sw 0xfffffff4(r1),r28
    33c8:	d7 e1 4f fc 	l.sw 0xfffffffc(r1),r9
    33cc:	d7 e1 77 d8 	l.sw 0xffffffd8(r1),r14
    33d0:	d7 e1 87 dc 	l.sw 0xffffffdc(r1),r16
    33d4:	d7 e1 97 e0 	l.sw 0xffffffe0(r1),r18
    33d8:	d7 e1 b7 e8 	l.sw 0xffffffe8(r1),r22
    33dc:	d7 e1 c7 ec 	l.sw 0xffffffec(r1),r24
    33e0:	9c 5e 01 48 	l.addi r2,r30,0x148
    33e4:	9c 21 ff d0 	l.addi r1,r1,0xffffffd0
    33e8:	ab 83 00 00 	l.ori r28,r3,0x0
    33ec:	aa 84 00 00 	l.ori r20,r4,0x0
    33f0:	d4 01 10 00 	l.sw 0x0(r1),r2
    33f4:	9f 40 00 01 	l.addi r26,r0,0x1
    33f8:	85 de 01 48 	l.lwz r14,0x148(r30)
    33fc:	bc 0e 00 00 	l.sfeqi r14,0x0
    3400:	10 00 00 41 	l.bf 3504 <__call_exitprocs+0x15c>
    3404:	86 c1 00 00 	l.lwz r22,0x0(r1)
    3408:	84 8e 00 04 	l.lwz r4,0x4(r14)
    340c:	9c 44 ff ff 	l.addi r2,r4,0xffffffff
    3410:	bd 82 00 00 	l.sfltsi r2,0x0
    3414:	10 00 00 37 	l.bf 34f0 <__call_exitprocs+0x148>
    3418:	15 00 00 00 	l.nop 0x0
    341c:	9e 04 00 21 	l.addi r16,r4,0x21
    3420:	9e 44 00 01 	l.addi r18,r4,0x1
    3424:	ba 10 00 02 	l.slli r16,r16,0x2
    3428:	ba 52 00 02 	l.slli r18,r18,0x2
    342c:	e2 0e 80 00 	l.add r16,r14,r16
    3430:	00 00 00 0b 	l.j 345c <__call_exitprocs+0xb4>
    3434:	e2 4e 90 00 	l.add r18,r14,r18
    3438:	84 90 00 80 	l.lwz r4,0x80(r16)
    343c:	e4 24 a0 00 	l.sfne r4,r20
    3440:	0c 00 00 0a 	l.bnf 3468 <__call_exitprocs+0xc0>
    3444:	15 00 00 00 	l.nop 0x0
    3448:	9c 42 ff ff 	l.addi r2,r2,0xffffffff
    344c:	9e 10 ff fc 	l.addi r16,r16,0xfffffffc
    3450:	bd 62 00 00 	l.sfgesi r2,0x0
    3454:	0c 00 00 27 	l.bnf 34f0 <__call_exitprocs+0x148>
    3458:	9e 52 ff fc 	l.addi r18,r18,0xfffffffc
    345c:	bc 14 00 00 	l.sfeqi r20,0x0
    3460:	0f ff ff f6 	l.bnf 3438 <__call_exitprocs+0x90>
    3464:	15 00 00 00 	l.nop 0x0
    3468:	84 8e 00 04 	l.lwz r4,0x4(r14)
    346c:	9c 84 ff ff 	l.addi r4,r4,0xffffffff
    3470:	e4 24 10 00 	l.sfne r4,r2
    3474:	0c 00 00 35 	l.bnf 3548 <__call_exitprocs+0x1a0>
    3478:	84 b2 00 00 	l.lwz r5,0x0(r18)
    347c:	9c 60 00 00 	l.addi r3,r0,0x0
    3480:	d4 12 18 00 	l.sw 0x0(r18),r3
    3484:	bc 05 00 00 	l.sfeqi r5,0x0
    3488:	13 ff ff f0 	l.bf 3448 <__call_exitprocs+0xa0>
    348c:	e0 9a 10 08 	l.sll r4,r26,r2
    3490:	84 ce 01 88 	l.lwz r6,0x188(r14)
    3494:	e0 c4 30 03 	l.and r6,r4,r6
    3498:	bc 26 00 00 	l.sfnei r6,0x0
    349c:	0c 00 00 27 	l.bnf 3538 <__call_exitprocs+0x190>
    34a0:	87 0e 00 04 	l.lwz r24,0x4(r14)
    34a4:	84 ce 01 8c 	l.lwz r6,0x18c(r14)
    34a8:	e0 84 30 03 	l.and r4,r4,r6
    34ac:	bc 24 00 00 	l.sfnei r4,0x0
    34b0:	10 00 00 28 	l.bf 3550 <__call_exitprocs+0x1a8>
    34b4:	a8 7c 00 00 	l.ori r3,r28,0x0
    34b8:	48 00 28 00 	l.jalr r5
    34bc:	84 90 00 00 	l.lwz r4,0x0(r16)
    34c0:	84 8e 00 04 	l.lwz r4,0x4(r14)
    34c4:	e4 24 c0 00 	l.sfne r4,r24
    34c8:	13 ff ff cc 	l.bf 33f8 <__call_exitprocs+0x50>
    34cc:	15 00 00 00 	l.nop 0x0
    34d0:	84 96 00 00 	l.lwz r4,0x0(r22)
    34d4:	e4 24 70 00 	l.sfne r4,r14
    34d8:	13 ff ff c8 	l.bf 33f8 <__call_exitprocs+0x50>
    34dc:	9c 42 ff ff 	l.addi r2,r2,0xffffffff
    34e0:	9e 10 ff fc 	l.addi r16,r16,0xfffffffc
    34e4:	bd 62 00 00 	l.sfgesi r2,0x0
    34e8:	13 ff ff dd 	l.bf 345c <__call_exitprocs+0xb4>
    34ec:	9e 52 ff fc 	l.addi r18,r18,0xfffffffc
    34f0:	18 40 00 00 	l.movhi r2,0x0
    34f4:	a8 42 23 ec 	l.ori r2,r2,0x23ec
    34f8:	bc 02 00 00 	l.sfeqi r2,0x0
    34fc:	0c 00 00 19 	l.bnf 3560 <__call_exitprocs+0x1b8>
    3500:	15 00 00 00 	l.nop 0x0
    3504:	9c 21 00 30 	l.addi r1,r1,0x30
    3508:	85 21 ff fc 	l.lwz r9,0xfffffffc(r1)
    350c:	84 41 ff d4 	l.lwz r2,0xffffffd4(r1)
    3510:	85 c1 ff d8 	l.lwz r14,0xffffffd8(r1)
    3514:	86 01 ff dc 	l.lwz r16,0xffffffdc(r1)
    3518:	86 41 ff e0 	l.lwz r18,0xffffffe0(r1)
    351c:	86 81 ff e4 	l.lwz r20,0xffffffe4(r1)
    3520:	86 c1 ff e8 	l.lwz r22,0xffffffe8(r1)
    3524:	87 01 ff ec 	l.lwz r24,0xffffffec(r1)
    3528:	87 41 ff f0 	l.lwz r26,0xfffffff0(r1)
    352c:	87 81 ff f4 	l.lwz r28,0xfffffff4(r1)
    3530:	44 00 48 00 	l.jr r9
    3534:	87 c1 ff f8 	l.lwz r30,0xfffffff8(r1)
    3538:	48 00 28 00 	l.jalr r5
    353c:	15 00 00 00 	l.nop 0x0
    3540:	03 ff ff e1 	l.j 34c4 <__call_exitprocs+0x11c>
    3544:	84 8e 00 04 	l.lwz r4,0x4(r14)
    3548:	03 ff ff cf 	l.j 3484 <__call_exitprocs+0xdc>
    354c:	d4 0e 10 04 	l.sw 0x4(r14),r2
    3550:	48 00 28 00 	l.jalr r5
    3554:	84 70 00 00 	l.lwz r3,0x0(r16)
    3558:	03 ff ff db 	l.j 34c4 <__call_exitprocs+0x11c>
    355c:	84 8e 00 04 	l.lwz r4,0x4(r14)
    3560:	84 4e 00 04 	l.lwz r2,0x4(r14)
    3564:	bc 22 00 00 	l.sfnei r2,0x0
    3568:	0c 00 00 0a 	l.bnf 3590 <__call_exitprocs+0x1e8>
    356c:	15 00 00 00 	l.nop 0x0
    3570:	84 4e 00 00 	l.lwz r2,0x0(r14)
    3574:	aa ce 00 00 	l.ori r22,r14,0x0
    3578:	a9 c2 00 00 	l.ori r14,r2,0x0
    357c:	bc 2e 00 00 	l.sfnei r14,0x0
    3580:	13 ff ff a2 	l.bf 3408 <__call_exitprocs+0x60>
    3584:	15 00 00 00 	l.nop 0x0
    3588:	03 ff ff e0 	l.j 3508 <__call_exitprocs+0x160>
    358c:	9c 21 00 30 	l.addi r1,r1,0x30
    3590:	84 4e 00 00 	l.lwz r2,0x0(r14)
    3594:	bc 02 00 00 	l.sfeqi r2,0x0
    3598:	13 ff ff f7 	l.bf 3574 <__call_exitprocs+0x1cc>
    359c:	a8 6e 00 00 	l.ori r3,r14,0x0
    35a0:	07 ff fb 93 	l.jal 23ec <free>
    35a4:	d4 16 10 00 	l.sw 0x0(r22),r2
    35a8:	03 ff ff f5 	l.j 357c <__call_exitprocs+0x1d4>
    35ac:	85 d6 00 00 	l.lwz r14,0x0(r22)

000035b0 <_malloc_trim_r>:
    35b0:	d7 e1 17 ec 	l.sw 0xffffffec(r1),r2
    35b4:	18 40 00 00 	l.movhi r2,0x0
    35b8:	d7 e1 77 f0 	l.sw 0xfffffff0(r1),r14
    35bc:	d7 e1 87 f4 	l.sw 0xfffffff4(r1),r16
    35c0:	d7 e1 97 f8 	l.sw 0xfffffff8(r1),r18
    35c4:	d7 e1 4f fc 	l.sw 0xfffffffc(r1),r9
    35c8:	9c 21 ff ec 	l.addi r1,r1,0xffffffec
    35cc:	a8 42 64 38 	l.ori r2,r2,0x6438
    35d0:	aa 44 00 00 	l.ori r18,r4,0x0
    35d4:	07 ff fd e0 	l.jal 2d54 <__malloc_lock>
    35d8:	a9 c3 00 00 	l.ori r14,r3,0x0
    35dc:	84 62 00 08 	l.lwz r3,0x8(r2)
    35e0:	86 03 00 04 	l.lwz r16,0x4(r3)
    35e4:	9c 60 ff fc 	l.addi r3,r0,0xfffffffc
    35e8:	e2 10 18 03 	l.and r16,r16,r3
    35ec:	9c 70 0f ef 	l.addi r3,r16,0xfef
    35f0:	e2 43 90 02 	l.sub r18,r3,r18
    35f4:	9c 60 f0 00 	l.addi r3,r0,0xfffff000
    35f8:	e2 52 18 03 	l.and r18,r18,r3
    35fc:	e2 52 18 00 	l.add r18,r18,r3
    3600:	bd 52 0f ff 	l.sfgtsi r18,0xfff
    3604:	0c 00 00 09 	l.bnf 3628 <_malloc_trim_r+0x78>
    3608:	a8 6e 00 00 	l.ori r3,r14,0x0
    360c:	07 ff fe f9 	l.jal 31f0 <_sbrk_r>
    3610:	9c 80 00 00 	l.addi r4,r0,0x0
    3614:	84 62 00 08 	l.lwz r3,0x8(r2)
    3618:	e0 63 80 00 	l.add r3,r3,r16
    361c:	e4 0b 18 00 	l.sfeq r11,r3
    3620:	10 00 00 0c 	l.bf 3650 <_malloc_trim_r+0xa0>
    3624:	a8 6e 00 00 	l.ori r3,r14,0x0
    3628:	07 ff fd cd 	l.jal 2d5c <__malloc_unlock>
    362c:	a8 6e 00 00 	l.ori r3,r14,0x0
    3630:	9c 21 00 14 	l.addi r1,r1,0x14
    3634:	9d 60 00 00 	l.addi r11,r0,0x0
    3638:	85 21 ff fc 	l.lwz r9,0xfffffffc(r1)
    363c:	84 41 ff ec 	l.lwz r2,0xffffffec(r1)
    3640:	85 c1 ff f0 	l.lwz r14,0xfffffff0(r1)
    3644:	86 01 ff f4 	l.lwz r16,0xfffffff4(r1)
    3648:	44 00 48 00 	l.jr r9
    364c:	86 41 ff f8 	l.lwz r18,0xfffffff8(r1)
    3650:	07 ff fe e8 	l.jal 31f0 <_sbrk_r>
    3654:	e0 80 90 02 	l.sub r4,r0,r18
    3658:	bc 2b ff ff 	l.sfnei r11,0xffffffff
    365c:	0c 00 00 14 	l.bnf 36ac <_malloc_trim_r+0xfc>
    3660:	18 80 00 00 	l.movhi r4,0x0
    3664:	e2 10 90 02 	l.sub r16,r16,r18
    3668:	a8 84 69 ec 	l.ori r4,r4,0x69ec
    366c:	84 42 00 08 	l.lwz r2,0x8(r2)
    3670:	84 64 00 00 	l.lwz r3,0x0(r4)
    3674:	aa 10 00 01 	l.ori r16,r16,0x1
    3678:	e2 43 90 02 	l.sub r18,r3,r18
    367c:	d4 02 80 04 	l.sw 0x4(r2),r16
    3680:	a8 6e 00 00 	l.ori r3,r14,0x0
    3684:	07 ff fd b6 	l.jal 2d5c <__malloc_unlock>
    3688:	d4 04 90 00 	l.sw 0x0(r4),r18
    368c:	9c 21 00 14 	l.addi r1,r1,0x14
    3690:	9d 60 00 01 	l.addi r11,r0,0x1
    3694:	85 21 ff fc 	l.lwz r9,0xfffffffc(r1)
    3698:	84 41 ff ec 	l.lwz r2,0xffffffec(r1)
    369c:	85 c1 ff f0 	l.lwz r14,0xfffffff0(r1)
    36a0:	86 01 ff f4 	l.lwz r16,0xfffffff4(r1)
    36a4:	44 00 48 00 	l.jr r9
    36a8:	86 41 ff f8 	l.lwz r18,0xfffffff8(r1)
    36ac:	a8 6e 00 00 	l.ori r3,r14,0x0
    36b0:	07 ff fe d0 	l.jal 31f0 <_sbrk_r>
    36b4:	9c 80 00 00 	l.addi r4,r0,0x0
    36b8:	84 42 00 08 	l.lwz r2,0x8(r2)
    36bc:	e0 6b 10 02 	l.sub r3,r11,r2
    36c0:	bd a3 00 0f 	l.sflesi r3,0xf
    36c4:	13 ff ff d9 	l.bf 3628 <_malloc_trim_r+0x78>
    36c8:	18 80 00 00 	l.movhi r4,0x0
    36cc:	a8 63 00 01 	l.ori r3,r3,0x1
    36d0:	a8 84 68 44 	l.ori r4,r4,0x6844
    36d4:	d4 02 18 04 	l.sw 0x4(r2),r3
    36d8:	84 84 00 00 	l.lwz r4,0x0(r4)
    36dc:	18 40 00 00 	l.movhi r2,0x0
    36e0:	e1 6b 20 02 	l.sub r11,r11,r4
    36e4:	a8 42 69 ec 	l.ori r2,r2,0x69ec
    36e8:	03 ff ff d0 	l.j 3628 <_malloc_trim_r+0x78>
    36ec:	d4 02 58 00 	l.sw 0x0(r2),r11

000036f0 <_free_r>:
    36f0:	d7 e1 17 f4 	l.sw 0xfffffff4(r1),r2
    36f4:	d7 e1 77 f8 	l.sw 0xfffffff8(r1),r14
    36f8:	d7 e1 4f fc 	l.sw 0xfffffffc(r1),r9
    36fc:	a9 c4 00 00 	l.ori r14,r4,0x0
    3700:	9c 21 ff f4 	l.addi r1,r1,0xfffffff4
    3704:	bc 04 00 00 	l.sfeqi r4,0x0
    3708:	10 00 00 62 	l.bf 3890 <_free_r+0x1a0>
    370c:	a8 43 00 00 	l.ori r2,r3,0x0
    3710:	07 ff fd 91 	l.jal 2d54 <__malloc_lock>
    3714:	15 00 00 00 	l.nop 0x0
    3718:	9c 8e ff f8 	l.addi r4,r14,0xfffffff8
    371c:	9c 60 ff fe 	l.addi r3,r0,0xfffffffe
    3720:	18 e0 00 00 	l.movhi r7,0x0
    3724:	85 04 00 04 	l.lwz r8,0x4(r4)
    3728:	a8 e7 64 38 	l.ori r7,r7,0x6438
    372c:	e0 a8 18 03 	l.and r5,r8,r3
    3730:	85 67 00 08 	l.lwz r11,0x8(r7)
    3734:	e0 c4 28 00 	l.add r6,r4,r5
    3738:	84 66 00 04 	l.lwz r3,0x4(r6)
    373c:	e4 2b 30 00 	l.sfne r11,r6
    3740:	9d 60 ff fc 	l.addi r11,r0,0xfffffffc
    3744:	0c 00 00 7c 	l.bnf 3934 <_free_r+0x244>
    3748:	e0 63 58 03 	l.and r3,r3,r11
    374c:	a5 08 00 01 	l.andi r8,r8,0x1
    3750:	9d 60 00 00 	l.addi r11,r0,0x0
    3754:	e4 28 58 00 	l.sfne r8,r11
    3758:	10 00 00 0f 	l.bf 3794 <_free_r+0xa4>
    375c:	d4 06 18 04 	l.sw 0x4(r6),r3
    3760:	85 84 00 00 	l.lwz r12,0x0(r4)
    3764:	19 a0 00 00 	l.movhi r13,0x0
    3768:	e0 84 60 02 	l.sub r4,r4,r12
    376c:	e0 a5 60 00 	l.add r5,r5,r12
    3770:	a9 ad 64 40 	l.ori r13,r13,0x6440
    3774:	85 84 00 08 	l.lwz r12,0x8(r4)
    3778:	e4 0c 68 00 	l.sfeq r12,r13
    377c:	10 00 00 06 	l.bf 3794 <_free_r+0xa4>
    3780:	9d 60 00 01 	l.addi r11,r0,0x1
    3784:	85 a4 00 0c 	l.lwz r13,0xc(r4)
    3788:	a9 68 00 00 	l.ori r11,r8,0x0
    378c:	d4 0c 68 0c 	l.sw 0xc(r12),r13
    3790:	d4 0d 60 08 	l.sw 0x8(r13),r12
    3794:	e1 06 18 00 	l.add r8,r6,r3
    3798:	85 08 00 04 	l.lwz r8,0x4(r8)
    379c:	a5 08 00 01 	l.andi r8,r8,0x1
    37a0:	bc 28 00 00 	l.sfnei r8,0x0
    37a4:	10 00 00 08 	l.bf 37c4 <_free_r+0xd4>
    37a8:	bc 2b 00 00 	l.sfnei r11,0x0
    37ac:	0c 00 00 3e 	l.bnf 38a4 <_free_r+0x1b4>
    37b0:	e0 a5 18 00 	l.add r5,r5,r3
    37b4:	84 66 00 08 	l.lwz r3,0x8(r6)
    37b8:	84 c6 00 0c 	l.lwz r6,0xc(r6)
    37bc:	d4 03 30 0c 	l.sw 0xc(r3),r6
    37c0:	d4 06 18 08 	l.sw 0x8(r6),r3
    37c4:	a8 c5 00 01 	l.ori r6,r5,0x1
    37c8:	e0 64 28 00 	l.add r3,r4,r5
    37cc:	d4 04 30 04 	l.sw 0x4(r4),r6
    37d0:	bc 2b 00 00 	l.sfnei r11,0x0
    37d4:	10 00 00 29 	l.bf 3878 <_free_r+0x188>
    37d8:	d4 03 28 00 	l.sw 0x0(r3),r5
    37dc:	bc 45 01 ff 	l.sfgtui r5,0x1ff
    37e0:	0c 00 00 40 	l.bnf 38e0 <_free_r+0x1f0>
    37e4:	9c c0 00 01 	l.addi r6,r0,0x1
    37e8:	b8 65 00 49 	l.srli r3,r5,0x9
    37ec:	bc 43 00 04 	l.sfgtui r3,0x4
    37f0:	10 00 00 6b 	l.bf 399c <_free_r+0x2ac>
    37f4:	bc 43 00 14 	l.sfgtui r3,0x14
    37f8:	b9 05 00 46 	l.srli r8,r5,0x6
    37fc:	9d 08 00 38 	l.addi r8,r8,0x38
    3800:	b8 68 00 03 	l.slli r3,r8,0x3
    3804:	19 a0 00 00 	l.movhi r13,0x0
    3808:	a9 ad 64 38 	l.ori r13,r13,0x6438
    380c:	e0 63 68 00 	l.add r3,r3,r13
    3810:	84 c3 00 08 	l.lwz r6,0x8(r3)
    3814:	e4 06 18 00 	l.sfeq r6,r3
    3818:	10 00 00 66 	l.bf 39b0 <_free_r+0x2c0>
    381c:	b9 08 00 82 	l.srai r8,r8,0x2
    3820:	84 e6 00 04 	l.lwz r7,0x4(r6)
    3824:	9d 00 ff fc 	l.addi r8,r0,0xfffffffc
    3828:	e0 e7 40 03 	l.and r7,r7,r8
    382c:	e4 85 38 00 	l.sfltu r5,r7
    3830:	10 00 00 09 	l.bf 3854 <_free_r+0x164>
    3834:	15 00 00 00 	l.nop 0x0
    3838:	00 00 00 0c 	l.j 3868 <_free_r+0x178>
    383c:	84 66 00 0c 	l.lwz r3,0xc(r6)
    3840:	84 e6 00 04 	l.lwz r7,0x4(r6)
    3844:	e0 e7 58 03 	l.and r7,r7,r11
    3848:	e4 85 38 00 	l.sfltu r5,r7
    384c:	0c 00 00 06 	l.bnf 3864 <_free_r+0x174>
    3850:	15 00 00 00 	l.nop 0x0
    3854:	84 c6 00 08 	l.lwz r6,0x8(r6)
    3858:	e4 03 30 00 	l.sfeq r3,r6
    385c:	0f ff ff f9 	l.bnf 3840 <_free_r+0x150>
    3860:	9d 60 ff fc 	l.addi r11,r0,0xfffffffc
    3864:	84 66 00 0c 	l.lwz r3,0xc(r6)
    3868:	d4 04 18 0c 	l.sw 0xc(r4),r3
    386c:	d4 04 30 08 	l.sw 0x8(r4),r6
    3870:	d4 03 20 08 	l.sw 0x8(r3),r4
    3874:	d4 06 20 0c 	l.sw 0xc(r6),r4
    3878:	9c 21 00 0c 	l.addi r1,r1,0xc
    387c:	a8 62 00 00 	l.ori r3,r2,0x0
    3880:	85 21 ff fc 	l.lwz r9,0xfffffffc(r1)
    3884:	84 41 ff f4 	l.lwz r2,0xfffffff4(r1)
    3888:	03 ff fd 35 	l.j 2d5c <__malloc_unlock>
    388c:	85 c1 ff f8 	l.lwz r14,0xfffffff8(r1)
    3890:	9c 21 00 0c 	l.addi r1,r1,0xc
    3894:	85 21 ff fc 	l.lwz r9,0xfffffffc(r1)
    3898:	84 41 ff f4 	l.lwz r2,0xfffffff4(r1)
    389c:	44 00 48 00 	l.jr r9
    38a0:	85 c1 ff f8 	l.lwz r14,0xfffffff8(r1)
    38a4:	19 00 00 00 	l.movhi r8,0x0
    38a8:	84 66 00 08 	l.lwz r3,0x8(r6)
    38ac:	a9 08 64 40 	l.ori r8,r8,0x6440
    38b0:	e4 23 40 00 	l.sfne r3,r8
    38b4:	13 ff ff c1 	l.bf 37b8 <_free_r+0xc8>
    38b8:	15 00 00 00 	l.nop 0x0
    38bc:	a8 e5 00 01 	l.ori r7,r5,0x1
    38c0:	e0 c4 28 00 	l.add r6,r4,r5
    38c4:	d4 03 20 0c 	l.sw 0xc(r3),r4
    38c8:	d4 03 20 08 	l.sw 0x8(r3),r4
    38cc:	d4 04 18 0c 	l.sw 0xc(r4),r3
    38d0:	d4 04 18 08 	l.sw 0x8(r4),r3
    38d4:	d4 04 38 04 	l.sw 0x4(r4),r7
    38d8:	03 ff ff e8 	l.j 3878 <_free_r+0x188>
    38dc:	d4 06 28 00 	l.sw 0x0(r6),r5
    38e0:	b8 a5 00 43 	l.srli r5,r5,0x3
    38e4:	19 60 00 00 	l.movhi r11,0x0
    38e8:	b8 65 00 82 	l.srai r3,r5,0x2
    38ec:	b8 a5 00 03 	l.slli r5,r5,0x3
    38f0:	a9 6b 64 38 	l.ori r11,r11,0x6438
    38f4:	e0 c6 18 08 	l.sll r6,r6,r3
    38f8:	e0 a5 58 00 	l.add r5,r5,r11
    38fc:	85 07 00 04 	l.lwz r8,0x4(r7)
    3900:	84 65 00 08 	l.lwz r3,0x8(r5)
    3904:	e0 c8 30 04 	l.or r6,r8,r6
    3908:	d4 04 18 08 	l.sw 0x8(r4),r3
    390c:	d4 04 28 0c 	l.sw 0xc(r4),r5
    3910:	d4 03 20 0c 	l.sw 0xc(r3),r4
    3914:	d4 07 30 04 	l.sw 0x4(r7),r6
    3918:	d4 05 20 08 	l.sw 0x8(r5),r4
    391c:	9c 21 00 0c 	l.addi r1,r1,0xc
    3920:	a8 62 00 00 	l.ori r3,r2,0x0
    3924:	85 21 ff fc 	l.lwz r9,0xfffffffc(r1)
    3928:	84 41 ff f4 	l.lwz r2,0xfffffff4(r1)
    392c:	03 ff fd 0c 	l.j 2d5c <__malloc_unlock>
    3930:	85 c1 ff f8 	l.lwz r14,0xfffffff8(r1)
    3934:	a5 08 00 01 	l.andi r8,r8,0x1
    3938:	bc 28 00 00 	l.sfnei r8,0x0
    393c:	10 00 00 09 	l.bf 3960 <_free_r+0x270>
    3940:	e0 a3 28 00 	l.add r5,r3,r5
    3944:	84 64 00 00 	l.lwz r3,0x0(r4)
    3948:	e0 84 18 02 	l.sub r4,r4,r3
    394c:	e0 a5 18 00 	l.add r5,r5,r3
    3950:	84 c4 00 08 	l.lwz r6,0x8(r4)
    3954:	84 64 00 0c 	l.lwz r3,0xc(r4)
    3958:	d4 06 18 0c 	l.sw 0xc(r6),r3
    395c:	d4 03 30 08 	l.sw 0x8(r3),r6
    3960:	a8 65 00 01 	l.ori r3,r5,0x1
    3964:	d4 07 20 08 	l.sw 0x8(r7),r4
    3968:	d4 04 18 04 	l.sw 0x4(r4),r3
    396c:	18 60 00 00 	l.movhi r3,0x0
    3970:	a8 63 68 40 	l.ori r3,r3,0x6840
    3974:	84 63 00 00 	l.lwz r3,0x0(r3)
    3978:	e4 85 18 00 	l.sfltu r5,r3
    397c:	13 ff ff bf 	l.bf 3878 <_free_r+0x188>
    3980:	18 80 00 00 	l.movhi r4,0x0
    3984:	a8 62 00 00 	l.ori r3,r2,0x0
    3988:	a8 84 69 e0 	l.ori r4,r4,0x69e0
    398c:	07 ff ff 09 	l.jal 35b0 <_malloc_trim_r>
    3990:	84 84 00 00 	l.lwz r4,0x0(r4)
    3994:	03 ff ff ba 	l.j 387c <_free_r+0x18c>
    3998:	9c 21 00 0c 	l.addi r1,r1,0xc
    399c:	10 00 00 0c 	l.bf 39cc <_free_r+0x2dc>
    39a0:	bc 43 00 54 	l.sfgtui r3,0x54
    39a4:	9d 03 00 5b 	l.addi r8,r3,0x5b
    39a8:	03 ff ff 97 	l.j 3804 <_free_r+0x114>
    39ac:	b8 68 00 03 	l.slli r3,r8,0x3
    39b0:	9c 60 00 01 	l.addi r3,r0,0x1
    39b4:	85 67 00 04 	l.lwz r11,0x4(r7)
    39b8:	e0 a3 40 08 	l.sll r5,r3,r8
    39bc:	a8 66 00 00 	l.ori r3,r6,0x0
    39c0:	e0 ab 28 04 	l.or r5,r11,r5
    39c4:	03 ff ff a9 	l.j 3868 <_free_r+0x178>
    39c8:	d4 07 28 04 	l.sw 0x4(r7),r5
    39cc:	10 00 00 06 	l.bf 39e4 <_free_r+0x2f4>
    39d0:	bc 43 01 54 	l.sfgtui r3,0x154
    39d4:	b9 05 00 4c 	l.srli r8,r5,0xc
    39d8:	9d 08 00 6e 	l.addi r8,r8,0x6e
    39dc:	03 ff ff 8a 	l.j 3804 <_free_r+0x114>
    39e0:	b8 68 00 03 	l.slli r3,r8,0x3
    39e4:	10 00 00 06 	l.bf 39fc <_free_r+0x30c>
    39e8:	bc 43 05 54 	l.sfgtui r3,0x554
    39ec:	b9 05 00 4f 	l.srli r8,r5,0xf
    39f0:	9d 08 00 77 	l.addi r8,r8,0x77
    39f4:	03 ff ff 84 	l.j 3804 <_free_r+0x114>
    39f8:	b8 68 00 03 	l.slli r3,r8,0x3
    39fc:	10 00 00 06 	l.bf 3a14 <_free_r+0x324>
    3a00:	15 00 00 00 	l.nop 0x0
    3a04:	b9 05 00 52 	l.srli r8,r5,0x12
    3a08:	9d 08 00 7c 	l.addi r8,r8,0x7c
    3a0c:	03 ff ff 7e 	l.j 3804 <_free_r+0x114>
    3a10:	b8 68 00 03 	l.slli r3,r8,0x3
    3a14:	9c 60 03 f0 	l.addi r3,r0,0x3f0
    3a18:	03 ff ff 7b 	l.j 3804 <_free_r+0x114>
    3a1c:	9d 00 00 7e 	l.addi r8,r0,0x7e

00003a20 <cleanup_glue>:
    3a20:	d7 e1 17 f4 	l.sw 0xfffffff4(r1),r2
    3a24:	d7 e1 77 f8 	l.sw 0xfffffff8(r1),r14
    3a28:	d7 e1 4f fc 	l.sw 0xfffffffc(r1),r9
    3a2c:	a8 44 00 00 	l.ori r2,r4,0x0
    3a30:	84 84 00 00 	l.lwz r4,0x0(r4)
    3a34:	9c 21 ff f4 	l.addi r1,r1,0xfffffff4
    3a38:	bc 04 00 00 	l.sfeqi r4,0x0
    3a3c:	10 00 00 04 	l.bf 3a4c <cleanup_glue+0x2c>
    3a40:	a9 c3 00 00 	l.ori r14,r3,0x0
    3a44:	07 ff ff f7 	l.jal 3a20 <cleanup_glue>
    3a48:	15 00 00 00 	l.nop 0x0
    3a4c:	9c 21 00 0c 	l.addi r1,r1,0xc
    3a50:	a8 6e 00 00 	l.ori r3,r14,0x0
    3a54:	a8 82 00 00 	l.ori r4,r2,0x0
    3a58:	85 21 ff fc 	l.lwz r9,0xfffffffc(r1)
    3a5c:	84 41 ff f4 	l.lwz r2,0xfffffff4(r1)
    3a60:	03 ff ff 24 	l.j 36f0 <_free_r>
    3a64:	85 c1 ff f8 	l.lwz r14,0xfffffff8(r1)

00003a68 <_reclaim_reent>:
    3a68:	d7 e1 17 ec 	l.sw 0xffffffec(r1),r2
    3a6c:	18 40 00 00 	l.movhi r2,0x0
    3a70:	d7 e1 77 f0 	l.sw 0xfffffff0(r1),r14
    3a74:	a8 42 60 10 	l.ori r2,r2,0x6010
    3a78:	d7 e1 4f fc 	l.sw 0xfffffffc(r1),r9
    3a7c:	d7 e1 87 f4 	l.sw 0xfffffff4(r1),r16
    3a80:	d7 e1 97 f8 	l.sw 0xfffffff8(r1),r18
    3a84:	84 42 00 00 	l.lwz r2,0x0(r2)
    3a88:	9c 21 ff ec 	l.addi r1,r1,0xffffffec
    3a8c:	e4 03 10 00 	l.sfeq r3,r2
    3a90:	10 00 00 3a 	l.bf 3b78 <_reclaim_reent+0x110>
    3a94:	a9 c3 00 00 	l.ori r14,r3,0x0
    3a98:	84 83 00 4c 	l.lwz r4,0x4c(r3)
    3a9c:	bc 04 00 00 	l.sfeqi r4,0x0
    3aa0:	10 00 00 17 	l.bf 3afc <_reclaim_reent+0x94>
    3aa4:	9c 40 00 00 	l.addi r2,r0,0x0
    3aa8:	aa 02 00 00 	l.ori r16,r2,0x0
    3aac:	b8 42 00 02 	l.slli r2,r2,0x2
    3ab0:	e0 44 10 00 	l.add r2,r4,r2
    3ab4:	84 a2 00 00 	l.lwz r5,0x0(r2)
    3ab8:	bc 05 00 00 	l.sfeqi r5,0x0
    3abc:	10 00 00 0a 	l.bf 3ae4 <_reclaim_reent+0x7c>
    3ac0:	15 00 00 00 	l.nop 0x0
    3ac4:	a8 85 00 00 	l.ori r4,r5,0x0
    3ac8:	a8 6e 00 00 	l.ori r3,r14,0x0
    3acc:	07 ff ff 09 	l.jal 36f0 <_free_r>
    3ad0:	84 45 00 00 	l.lwz r2,0x0(r5)
    3ad4:	bc 22 00 00 	l.sfnei r2,0x0
    3ad8:	13 ff ff fb 	l.bf 3ac4 <_reclaim_reent+0x5c>
    3adc:	a8 a2 00 00 	l.ori r5,r2,0x0
    3ae0:	84 8e 00 4c 	l.lwz r4,0x4c(r14)
    3ae4:	9e 10 00 01 	l.addi r16,r16,0x1
    3ae8:	bc 10 00 20 	l.sfeqi r16,0x20
    3aec:	0f ff ff f0 	l.bnf 3aac <_reclaim_reent+0x44>
    3af0:	a8 50 00 00 	l.ori r2,r16,0x0
    3af4:	07 ff fe ff 	l.jal 36f0 <_free_r>
    3af8:	a8 6e 00 00 	l.ori r3,r14,0x0
    3afc:	84 8e 00 40 	l.lwz r4,0x40(r14)
    3b00:	bc 04 00 00 	l.sfeqi r4,0x0
    3b04:	10 00 00 04 	l.bf 3b14 <_reclaim_reent+0xac>
    3b08:	15 00 00 00 	l.nop 0x0
    3b0c:	07 ff fe f9 	l.jal 36f0 <_free_r>
    3b10:	a8 6e 00 00 	l.ori r3,r14,0x0
    3b14:	84 4e 01 48 	l.lwz r2,0x148(r14)
    3b18:	bc 02 00 00 	l.sfeqi r2,0x0
    3b1c:	10 00 00 0d 	l.bf 3b50 <_reclaim_reent+0xe8>
    3b20:	15 00 00 00 	l.nop 0x0
    3b24:	9e 4e 01 4c 	l.addi r18,r14,0x14c
    3b28:	e4 02 90 00 	l.sfeq r2,r18
    3b2c:	10 00 00 09 	l.bf 3b50 <_reclaim_reent+0xe8>
    3b30:	15 00 00 00 	l.nop 0x0
    3b34:	a8 82 00 00 	l.ori r4,r2,0x0
    3b38:	a8 6e 00 00 	l.ori r3,r14,0x0
    3b3c:	07 ff fe ed 	l.jal 36f0 <_free_r>
    3b40:	86 02 00 00 	l.lwz r16,0x0(r2)
    3b44:	e4 32 80 00 	l.sfne r18,r16
    3b48:	13 ff ff fb 	l.bf 3b34 <_reclaim_reent+0xcc>
    3b4c:	a8 50 00 00 	l.ori r2,r16,0x0
    3b50:	84 8e 00 54 	l.lwz r4,0x54(r14)
    3b54:	bc 04 00 00 	l.sfeqi r4,0x0
    3b58:	10 00 00 04 	l.bf 3b68 <_reclaim_reent+0x100>
    3b5c:	15 00 00 00 	l.nop 0x0
    3b60:	07 ff fe e4 	l.jal 36f0 <_free_r>
    3b64:	a8 6e 00 00 	l.ori r3,r14,0x0
    3b68:	84 4e 00 38 	l.lwz r2,0x38(r14)
    3b6c:	bc 02 00 00 	l.sfeqi r2,0x0
    3b70:	0c 00 00 09 	l.bnf 3b94 <_reclaim_reent+0x12c>
    3b74:	15 00 00 00 	l.nop 0x0
    3b78:	9c 21 00 14 	l.addi r1,r1,0x14
    3b7c:	85 21 ff fc 	l.lwz r9,0xfffffffc(r1)
    3b80:	84 41 ff ec 	l.lwz r2,0xffffffec(r1)
    3b84:	85 c1 ff f0 	l.lwz r14,0xfffffff0(r1)
    3b88:	86 01 ff f4 	l.lwz r16,0xfffffff4(r1)
    3b8c:	44 00 48 00 	l.jr r9
    3b90:	86 41 ff f8 	l.lwz r18,0xfffffff8(r1)
    3b94:	84 4e 00 3c 	l.lwz r2,0x3c(r14)
    3b98:	48 00 10 00 	l.jalr r2
    3b9c:	a8 6e 00 00 	l.ori r3,r14,0x0
    3ba0:	84 8e 02 e0 	l.lwz r4,0x2e0(r14)
    3ba4:	bc 04 00 00 	l.sfeqi r4,0x0
    3ba8:	13 ff ff f4 	l.bf 3b78 <_reclaim_reent+0x110>
    3bac:	15 00 00 00 	l.nop 0x0
    3bb0:	9c 21 00 14 	l.addi r1,r1,0x14
    3bb4:	a8 6e 00 00 	l.ori r3,r14,0x0
    3bb8:	85 21 ff fc 	l.lwz r9,0xfffffffc(r1)
    3bbc:	84 41 ff ec 	l.lwz r2,0xffffffec(r1)
    3bc0:	85 c1 ff f0 	l.lwz r14,0xfffffff0(r1)
    3bc4:	86 01 ff f4 	l.lwz r16,0xfffffff4(r1)
    3bc8:	03 ff ff 96 	l.j 3a20 <cleanup_glue>
    3bcc:	86 41 ff f8 	l.lwz r18,0xfffffff8(r1)

00003bd0 <_wrapup_reent>:
    3bd0:	d7 e1 97 f8 	l.sw 0xfffffff8(r1),r18
    3bd4:	d7 e1 4f fc 	l.sw 0xfffffffc(r1),r9
    3bd8:	d7 e1 17 ec 	l.sw 0xffffffec(r1),r2
    3bdc:	d7 e1 77 f0 	l.sw 0xfffffff0(r1),r14
    3be0:	d7 e1 87 f4 	l.sw 0xfffffff4(r1),r16
    3be4:	aa 43 00 00 	l.ori r18,r3,0x0
    3be8:	bc 23 00 00 	l.sfnei r3,0x0
    3bec:	0c 00 00 29 	l.bnf 3c90 <_wrapup_reent+0xc0>
    3bf0:	9c 21 ff ec 	l.addi r1,r1,0xffffffec
    3bf4:	86 12 01 48 	l.lwz r16,0x148(r18)
    3bf8:	bc 10 00 00 	l.sfeqi r16,0x0
    3bfc:	10 00 00 13 	l.bf 3c48 <_wrapup_reent+0x78>
    3c00:	15 00 00 00 	l.nop 0x0
    3c04:	84 50 00 04 	l.lwz r2,0x4(r16)
    3c08:	9d c2 ff ff 	l.addi r14,r2,0xffffffff
    3c0c:	bd 8e 00 00 	l.sfltsi r14,0x0
    3c10:	10 00 00 0a 	l.bf 3c38 <_wrapup_reent+0x68>
    3c14:	9c 42 00 01 	l.addi r2,r2,0x1
    3c18:	b8 42 00 02 	l.slli r2,r2,0x2
    3c1c:	e0 50 10 00 	l.add r2,r16,r2
    3c20:	84 82 00 00 	l.lwz r4,0x0(r2)
    3c24:	48 00 20 00 	l.jalr r4
    3c28:	9d ce ff ff 	l.addi r14,r14,0xffffffff
    3c2c:	bd 6e 00 00 	l.sfgesi r14,0x0
    3c30:	13 ff ff fc 	l.bf 3c20 <_wrapup_reent+0x50>
    3c34:	9c 42 ff fc 	l.addi r2,r2,0xfffffffc
    3c38:	86 10 00 00 	l.lwz r16,0x0(r16)
    3c3c:	bc 30 00 00 	l.sfnei r16,0x0
    3c40:	13 ff ff f1 	l.bf 3c04 <_wrapup_reent+0x34>
    3c44:	15 00 00 00 	l.nop 0x0
    3c48:	84 52 00 3c 	l.lwz r2,0x3c(r18)
    3c4c:	bc 02 00 00 	l.sfeqi r2,0x0
    3c50:	10 00 00 09 	l.bf 3c74 <_wrapup_reent+0xa4>
    3c54:	a8 72 00 00 	l.ori r3,r18,0x0
    3c58:	9c 21 00 14 	l.addi r1,r1,0x14
    3c5c:	85 21 ff fc 	l.lwz r9,0xfffffffc(r1)
    3c60:	85 c1 ff f0 	l.lwz r14,0xfffffff0(r1)
    3c64:	86 01 ff f4 	l.lwz r16,0xfffffff4(r1)
    3c68:	86 41 ff f8 	l.lwz r18,0xfffffff8(r1)
    3c6c:	44 00 10 00 	l.jr r2
    3c70:	84 41 ff ec 	l.lwz r2,0xffffffec(r1)
    3c74:	9c 21 00 14 	l.addi r1,r1,0x14
    3c78:	85 21 ff fc 	l.lwz r9,0xfffffffc(r1)
    3c7c:	84 41 ff ec 	l.lwz r2,0xffffffec(r1)
    3c80:	85 c1 ff f0 	l.lwz r14,0xfffffff0(r1)
    3c84:	86 01 ff f4 	l.lwz r16,0xfffffff4(r1)
    3c88:	44 00 48 00 	l.jr r9
    3c8c:	86 41 ff f8 	l.lwz r18,0xfffffff8(r1)
    3c90:	18 40 00 00 	l.movhi r2,0x0
    3c94:	a8 42 60 10 	l.ori r2,r2,0x6010
    3c98:	03 ff ff d7 	l.j 3bf4 <_wrapup_reent+0x24>
    3c9c:	86 42 00 00 	l.lwz r18,0x0(r2)

00003ca0 <_exit>:
    3ca0:	15 00 00 01 	l.nop 0x1
    3ca4:	00 00 00 00 	l.j 3ca4 <_exit+0x4>
    3ca8:	15 00 00 00 	l.nop 0x0

00003cac <_sbrk>:
    3cac:	18 80 00 00 	l.movhi r4,0x0
    3cb0:	18 a0 00 00 	l.movhi r5,0x0
    3cb4:	a8 84 69 bc 	l.ori r4,r4,0x69bc
    3cb8:	a8 a5 60 08 	l.ori r5,r5,0x6008
    3cbc:	85 64 00 00 	l.lwz r11,0x0(r4)
    3cc0:	84 a5 00 00 	l.lwz r5,0x0(r5)
    3cc4:	e0 6b 18 00 	l.add r3,r11,r3
    3cc8:	d7 e1 17 fc 	l.sw 0xfffffffc(r1),r2
    3ccc:	e0 a5 18 02 	l.sub r5,r5,r3
    3cd0:	18 40 00 01 	l.movhi r2,0x1
    3cd4:	e5 a5 10 00 	l.sfles r5,r2
    3cd8:	0c 00 00 0a 	l.bnf 3d00 <_sbrk+0x54>
    3cdc:	9c 21 ff fc 	l.addi r1,r1,0xfffffffc
    3ce0:	18 60 00 00 	l.movhi r3,0x0
    3ce4:	9c 80 00 0c 	l.addi r4,r0,0xc
    3ce8:	a8 63 6a 14 	l.ori r3,r3,0x6a14
    3cec:	9d 60 ff ff 	l.addi r11,r0,0xffffffff
    3cf0:	d4 03 20 00 	l.sw 0x0(r3),r4
    3cf4:	9c 21 00 04 	l.addi r1,r1,0x4
    3cf8:	44 00 48 00 	l.jr r9
    3cfc:	84 41 ff fc 	l.lwz r2,0xfffffffc(r1)
    3d00:	d4 04 18 00 	l.sw 0x0(r4),r3
    3d04:	9c 21 00 04 	l.addi r1,r1,0x4
    3d08:	44 00 48 00 	l.jr r9
    3d0c:	84 41 ff fc 	l.lwz r2,0xfffffffc(r1)

00003d10 <__uart_init>:
    3d10:	d7 e1 17 f8 	l.sw 0xfffffff8(r1),r2
    3d14:	18 40 00 00 	l.movhi r2,0x0
    3d18:	9c 80 ff c7 	l.addi r4,r0,0xffffffc7
    3d1c:	a8 42 3e 60 	l.ori r2,r2,0x3e60
    3d20:	d7 e1 4f fc 	l.sw 0xfffffffc(r1),r9
    3d24:	84 62 00 00 	l.lwz r3,0x0(r2)
    3d28:	9c 21 ff f8 	l.addi r1,r1,0xfffffff8
    3d2c:	9c 63 00 02 	l.addi r3,r3,0x2
    3d30:	d8 03 20 00 	l.sb 0x0(r3),r4
    3d34:	9c 80 00 00 	l.addi r4,r0,0x0
    3d38:	84 62 00 00 	l.lwz r3,0x0(r2)
    3d3c:	9c 63 00 01 	l.addi r3,r3,0x1
    3d40:	d8 03 20 00 	l.sb 0x0(r3),r4
    3d44:	9c 80 00 03 	l.addi r4,r0,0x3
    3d48:	84 62 00 00 	l.lwz r3,0x0(r2)
    3d4c:	9c 63 00 03 	l.addi r3,r3,0x3
    3d50:	d8 03 20 00 	l.sb 0x0(r3),r4
    3d54:	18 60 00 00 	l.movhi r3,0x0
    3d58:	a8 63 3e 64 	l.ori r3,r3,0x3e64
    3d5c:	84 83 00 00 	l.lwz r4,0x0(r3)
    3d60:	18 60 00 00 	l.movhi r3,0x0
    3d64:	b8 84 00 04 	l.slli r4,r4,0x4
    3d68:	a8 63 3e 5c 	l.ori r3,r3,0x3e5c
    3d6c:	04 00 00 40 	l.jal 3e6c <__udivsi3>
    3d70:	84 63 00 00 	l.lwz r3,0x0(r3)
    3d74:	84 62 00 00 	l.lwz r3,0x0(r2)
    3d78:	a4 8b 00 ff 	l.andi r4,r11,0xff
    3d7c:	9c 63 00 03 	l.addi r3,r3,0x3
    3d80:	b9 6b 00 88 	l.srai r11,r11,0x8
    3d84:	8c a3 00 00 	l.lbz r5,0x0(r3)
    3d88:	a8 a5 00 80 	l.ori r5,r5,0x80
    3d8c:	a5 6b 00 ff 	l.andi r11,r11,0xff
    3d90:	d8 03 28 00 	l.sb 0x0(r3),r5
    3d94:	84 62 00 00 	l.lwz r3,0x0(r2)
    3d98:	d8 03 20 00 	l.sb 0x0(r3),r4
    3d9c:	84 62 00 00 	l.lwz r3,0x0(r2)
    3da0:	9c 63 00 01 	l.addi r3,r3,0x1
    3da4:	d8 03 58 00 	l.sb 0x0(r3),r11
    3da8:	84 42 00 00 	l.lwz r2,0x0(r2)
    3dac:	9c 42 00 03 	l.addi r2,r2,0x3
    3db0:	8c 62 00 00 	l.lbz r3,0x0(r2)
    3db4:	a4 63 00 7f 	l.andi r3,r3,0x7f
    3db8:	d8 02 18 00 	l.sb 0x0(r2),r3
    3dbc:	9c 21 00 08 	l.addi r1,r1,0x8
    3dc0:	85 21 ff fc 	l.lwz r9,0xfffffffc(r1)
    3dc4:	44 00 48 00 	l.jr r9
    3dc8:	84 41 ff f8 	l.lwz r2,0xfffffff8(r1)

00003dcc <__uart_putc>:
    3dcc:	18 a0 00 00 	l.movhi r5,0x0
    3dd0:	b8 63 00 18 	l.slli r3,r3,0x18
    3dd4:	a8 a5 3e 60 	l.ori r5,r5,0x3e60
    3dd8:	84 c5 00 00 	l.lwz r6,0x0(r5)
    3ddc:	b8 e3 00 98 	l.srai r7,r3,0x18
    3de0:	9c 86 00 05 	l.addi r4,r6,0x5
    3de4:	8c 64 00 00 	l.lbz r3,0x0(r4)
    3de8:	a4 63 00 20 	l.andi r3,r3,0x20
    3dec:	bc 03 00 00 	l.sfeqi r3,0x0
    3df0:	13 ff ff fd 	l.bf 3de4 <__uart_putc+0x18>
    3df4:	a4 67 00 ff 	l.andi r3,r7,0xff
    3df8:	d8 06 18 00 	l.sb 0x0(r6),r3
    3dfc:	84 85 00 00 	l.lwz r4,0x0(r5)
    3e00:	9c 84 00 05 	l.addi r4,r4,0x5
    3e04:	8c 64 00 00 	l.lbz r3,0x0(r4)
    3e08:	a4 63 00 60 	l.andi r3,r3,0x60
    3e0c:	bc 23 00 60 	l.sfnei r3,0x60
    3e10:	13 ff ff fd 	l.bf 3e04 <__uart_putc+0x38>
    3e14:	15 00 00 00 	l.nop 0x0
    3e18:	44 00 48 00 	l.jr r9
    3e1c:	15 00 00 00 	l.nop 0x0

00003e20 <__uart_getc>:
    3e20:	18 60 00 00 	l.movhi r3,0x0
    3e24:	a8 63 3e 60 	l.ori r3,r3,0x3e60
    3e28:	84 a3 00 00 	l.lwz r5,0x0(r3)
    3e2c:	9c 85 00 05 	l.addi r4,r5,0x5
    3e30:	8c 64 00 00 	l.lbz r3,0x0(r4)
    3e34:	a4 63 00 01 	l.andi r3,r3,0x1
    3e38:	bc 03 00 00 	l.sfeqi r3,0x0
    3e3c:	13 ff ff fd 	l.bf 3e30 <__uart_getc+0x10>
    3e40:	15 00 00 00 	l.nop 0x0
    3e44:	8d 65 00 00 	l.lbz r11,0x0(r5)
    3e48:	b9 6b 00 18 	l.slli r11,r11,0x18
    3e4c:	44 00 48 00 	l.jr r9
    3e50:	b9 6b 00 98 	l.srai r11,r11,0x18

00003e54 <_board_mem_base>:
    3e54:	00 00 00 00 	l.j 3e54 <_board_mem_base>

00003e58 <_board_mem_size>:
    3e58:	00 80 00 00 	l.j 2003e58 <_end+0x1ffd440>

00003e5c <_board_clk_freq>:
    3e5c:	02 fa f0 80 	l.j fbec005c <_end+0xfbeb9644>

00003e60 <_board_uart_base>:
    3e60:	00 00 00 00 	l.j 3e60 <_board_uart_base>

00003e64 <_board_uart_baud>:
    3e64:	00 01 c2 00 	l.j 74664 <_end+0x6dc4c>

00003e68 <_board_uart_IRQ>:
    3e68:	00 00 00 02 	l.j 3e70 <__udivsi3+0x4>

00003e6c <__udivsi3>:
    3e6c:	9c 21 ff fc 	l.addi r1,r1,0xfffffffc
    3e70:	d4 01 48 00 	l.sw 0x0(r1),r9
    3e74:	9d 60 00 00 	l.addi r11,r0,0x0
    3e78:	9d 04 00 00 	l.addi r8,r4,0x0
    3e7c:	9c a3 00 00 	l.addi r5,r3,0x0
    3e80:	e4 28 58 00 	l.sfne r8,r11
    3e84:	0c 00 00 36 	l.bnf 3f5c <__udivsi3+0xf0>
    3e88:	9c e0 00 00 	l.addi r7,r0,0x0
    3e8c:	e4 48 28 00 	l.sfgtu r8,r5
    3e90:	10 00 00 32 	l.bf 3f58 <__udivsi3+0xec>
    3e94:	e4 08 28 00 	l.sfeq r8,r5
    3e98:	10 00 00 2e 	l.bf 3f50 <__udivsi3+0xe4>
    3e9c:	e4 8b 40 00 	l.sfltu r11,r8
    3ea0:	0c 00 00 0d 	l.bnf 3ed4 <__udivsi3+0x68>
    3ea4:	9d a0 00 20 	l.addi r13,r0,0x20
    3ea8:	19 20 80 00 	l.movhi r9,0x8000
    3eac:	9c c0 ff ff 	l.addi r6,r0,0xffffffff
    3eb0:	e0 65 48 03 	l.and r3,r5,r9
    3eb4:	b8 87 00 01 	l.slli r4,r7,0x1
    3eb8:	9d e5 00 00 	l.addi r15,r5,0x0
    3ebc:	b8 63 00 5f 	l.srli r3,r3,0x1f
    3ec0:	e1 ad 30 00 	l.add r13,r13,r6
    3ec4:	e0 e4 18 04 	l.or r7,r4,r3
    3ec8:	e4 87 40 00 	l.sfltu r7,r8
    3ecc:	13 ff ff f9 	l.bf 3eb0 <__udivsi3+0x44>
    3ed0:	b8 a5 00 01 	l.slli r5,r5,0x1
    3ed4:	b8 e7 00 41 	l.srli r7,r7,0x1
    3ed8:	9d ad 00 01 	l.addi r13,r13,0x1
    3edc:	9d 20 00 00 	l.addi r9,r0,0x0
    3ee0:	e4 89 68 00 	l.sfltu r9,r13
    3ee4:	0c 00 00 1e 	l.bnf 3f5c <__udivsi3+0xf0>
    3ee8:	9c af 00 00 	l.addi r5,r15,0x0
    3eec:	19 e0 80 00 	l.movhi r15,0x8000
    3ef0:	9e 20 00 00 	l.addi r17,r0,0x0
    3ef4:	e0 65 78 03 	l.and r3,r5,r15
    3ef8:	b8 87 00 01 	l.slli r4,r7,0x1
    3efc:	b8 63 00 5f 	l.srli r3,r3,0x1f
    3f00:	e0 e4 18 04 	l.or r7,r4,r3
    3f04:	e0 c7 40 02 	l.sub r6,r7,r8
    3f08:	e0 66 78 03 	l.and r3,r6,r15
    3f0c:	b8 63 00 5f 	l.srli r3,r3,0x1f
    3f10:	9c 80 00 00 	l.addi r4,r0,0x0
    3f14:	e4 23 20 00 	l.sfne r3,r4
    3f18:	10 00 00 03 	l.bf 3f24 <__udivsi3+0xb8>
    3f1c:	b8 6b 00 01 	l.slli r3,r11,0x1
    3f20:	9c 80 00 01 	l.addi r4,r0,0x1
    3f24:	b8 a5 00 01 	l.slli r5,r5,0x1
    3f28:	e4 24 88 00 	l.sfne r4,r17
    3f2c:	0c 00 00 03 	l.bnf 3f38 <__udivsi3+0xcc>
    3f30:	e1 63 20 04 	l.or r11,r3,r4
    3f34:	9c e6 00 00 	l.addi r7,r6,0x0
    3f38:	9d 29 00 01 	l.addi r9,r9,0x1
    3f3c:	e4 89 68 00 	l.sfltu r9,r13
    3f40:	13 ff ff ed 	l.bf 3ef4 <__udivsi3+0x88>
    3f44:	15 00 00 00 	l.nop 0x0
    3f48:	00 00 00 05 	l.j 3f5c <__udivsi3+0xf0>
    3f4c:	15 00 00 00 	l.nop 0x0
    3f50:	00 00 00 03 	l.j 3f5c <__udivsi3+0xf0>
    3f54:	9d 60 00 01 	l.addi r11,r0,0x1
    3f58:	9c e5 00 00 	l.addi r7,r5,0x0
    3f5c:	85 21 00 00 	l.lwz r9,0x0(r1)
    3f60:	44 00 48 00 	l.jr r9
    3f64:	9c 21 00 04 	l.addi r1,r1,0x4

00003f68 <__do_global_ctors_aux>:
    3f68:	d7 e1 17 f8 	l.sw 0xfffffff8(r1),r2
    3f6c:	18 40 00 00 	l.movhi r2,0x0
    3f70:	d7 e1 4f fc 	l.sw 0xfffffffc(r1),r9
    3f74:	a8 42 5f f8 	l.ori r2,r2,0x5ff8
    3f78:	84 62 ff fc 	l.lwz r3,0xfffffffc(r2)
    3f7c:	bc 03 ff ff 	l.sfeqi r3,0xffffffff
    3f80:	10 00 00 09 	l.bf 3fa4 <__do_global_ctors_aux+0x3c>
    3f84:	9c 21 ff f8 	l.addi r1,r1,0xfffffff8
    3f88:	9c 42 ff fc 	l.addi r2,r2,0xfffffffc
    3f8c:	48 00 18 00 	l.jalr r3
    3f90:	9c 42 ff fc 	l.addi r2,r2,0xfffffffc
    3f94:	84 62 00 00 	l.lwz r3,0x0(r2)
    3f98:	bc 23 ff ff 	l.sfnei r3,0xffffffff
    3f9c:	13 ff ff fc 	l.bf 3f8c <__do_global_ctors_aux+0x24>
    3fa0:	15 00 00 00 	l.nop 0x0
    3fa4:	9c 21 00 08 	l.addi r1,r1,0x8
    3fa8:	85 21 ff fc 	l.lwz r9,0xfffffffc(r1)
    3fac:	44 00 48 00 	l.jr r9
    3fb0:	84 41 ff f8 	l.lwz r2,0xfffffff8(r1)

00003fb4 <call___do_global_ctors_aux>:
    3fb4:	d7 e1 4f fc 	l.sw 0xfffffffc(r1),r9
    3fb8:	9c 21 ff fc 	l.addi r1,r1,0xfffffffc
    3fbc:	9c 21 00 04 	l.addi r1,r1,0x4
    3fc0:	85 21 ff fc 	l.lwz r9,0xfffffffc(r1)
    3fc4:	44 00 48 00 	l.jr r9
    3fc8:	15 00 00 00 	l.nop 0x0

Disassembly of section .fini:

00003fcc <__fini>:
    3fcc:	9c 21 ff fc 	l.addi r1,r1,0xfffffffc
    3fd0:	d4 01 48 00 	l.sw 0x0(r1),r9
    3fd4:	07 ff f8 3f 	l.jal 20d0 <__do_global_dtors_aux>
    3fd8:	15 00 00 00 	l.nop 0x0
    3fdc:	85 21 00 00 	l.lwz r9,0x0(r1)
    3fe0:	44 00 48 00 	l.jr r9
    3fe4:	9c 21 00 04 	l.addi r1,r1,0x4
